2024-02-23 22:57:28,867 [INFO] Activator:176 - 


2024-02-23 22:57:28,868 [INFO] Activator:177 - !SESSION log4j initialized
2024-02-23 22:57:31,378 [INFO] LogOutputStream:77 - [STDOUT_REDIRECT] 
2024-02-23 22:57:33,697 [INFO] ApplicationProperties:184 - Using Application install path: C:\ST\STM32CubeIDE_1.14.1\STM32CubeIDE\plugins\com.st.stm32cube.common.mx_6.10.0.202311202037
2024-02-23 22:57:33,715 [INFO] DbMcusXml:78 - Set database path to: C:\ST\STM32CubeIDE_1.14.1\STM32CubeIDE\plugins\com.st.stm32cube.common.mx_6.10.0.202311202037\\db\/mcu/
2024-02-23 22:57:33,716 [INFO] ApiDb:274 - Set plugin database path to: C:\ST\STM32CubeIDE_1.14.1\STM32CubeIDE\plugins\com.st.stm32cube.common.mx_6.10.0.202311202037\\db\/plugins/boardmanager/
2024-02-23 22:57:33,717 [WARN] ApiDb:259 - Overriding images path with different value:  => C:\ST\STM32CubeIDE_1.14.1\STM32CubeIDE\plugins\com.st.stm32cube.common.mx_6.10.0.202311202037\\db\/plugins/mcufinder/images/
2024-02-23 22:57:33,722 [INFO] ApiDb:250 - Set database path to: C:\Users\khanh\.stmcufinder\plugins\mcufinder//mcu/
2024-02-23 22:57:33,723 [INFO] DbMcusAds:125 - Set database path to: C:\Users\khanh\.stmcufinder\plugins\mcufinder//mcu/
2024-02-23 22:57:34,370 [INFO] CrossReferenceDbSqlite:203 - Set database path to: C:\Users\khanh\.stmcufinder\plugins\mcufinder//mcu/cs/
2024-02-23 22:57:34,447 [INFO] RulesReader:64 - Compatibility file has been processed (297 Rules)
2024-02-23 22:57:34,523 [INFO] DbMcusXml:78 - Set database path to: C:\ST\STM32CubeIDE_1.14.1\STM32CubeIDE\plugins\com.st.stm32cube.common.mx_6.10.0.202311202037\\db\/mcu/
2024-02-23 22:57:34,524 [INFO] ApiDb:274 - Set plugin database path to: C:\ST\STM32CubeIDE_1.14.1\STM32CubeIDE\plugins\com.st.stm32cube.common.mx_6.10.0.202311202037\\db\/plugins/boardmanager/
2024-02-23 22:57:34,526 [INFO] ApiDb:261 - Set plugin images path to: C:\ST\STM32CubeIDE_1.14.1\STM32CubeIDE\plugins\com.st.stm32cube.common.mx_6.10.0.202311202037\\db\/plugins/mcufinder/images/
2024-02-23 22:57:34,527 [WARN] DbFile:41 - Overriding database path with different value: C:\Users\khanh\.stmcufinder\plugins\mcufinder/ => C:\Users\khanh\.stmcufinder\plugins\mcufinder
2024-02-23 22:57:34,529 [INFO] ApiDb:250 - Set database path to: C:\Users\khanh\.stmcufinder\plugins\mcufinder//mcu/
2024-02-23 22:57:34,529 [WARN] DbFile:41 - Overriding database path with different value: C:\Users\khanh\.stmcufinder\plugins\mcufinder/ => C:\Users\khanh\.stmcufinder\plugins\mcufinder
2024-02-23 22:57:34,530 [INFO] DbMcusAds:125 - Set database path to: C:\Users\khanh\.stmcufinder\plugins\mcufinder//mcu/
2024-02-23 22:57:34,530 [WARN] DbFile:41 - Overriding database path with different value: C:\Users\khanh\.stmcufinder\plugins\mcufinder/ => C:\Users\khanh\.stmcufinder\plugins\mcufinder
2024-02-23 22:57:34,530 [WARN] DbFile:41 - Overriding database path with different value: C:\Users\khanh\.stmcufinder\plugins\mcufinder/ => C:\Users\khanh\.stmcufinder\plugins\mcufinder
2024-02-23 22:57:35,361 [INFO] CrossReferenceDbSqlite:203 - Set database path to: C:\Users\khanh\.stmcufinder\plugins\mcufinder//mcu/cs/
2024-02-23 22:57:35,421 [INFO] MainPanel:264 - HeapMemory: 268435456
2024-02-23 22:57:35,475 [INFO] DbMcusXml:78 - Set database path to: C:\ST\STM32CubeIDE_1.14.1\STM32CubeIDE\plugins\com.st.stm32cube.common.mx_6.10.0.202311202037\\db\/mcu/
2024-02-23 22:57:35,475 [INFO] ApiDb:274 - Set plugin database path to: C:\ST\STM32CubeIDE_1.14.1\STM32CubeIDE\plugins\com.st.stm32cube.common.mx_6.10.0.202311202037\\db\/plugins/boardmanager/
2024-02-23 22:57:35,475 [INFO] ApiDb:261 - Set plugin images path to: C:\ST\STM32CubeIDE_1.14.1\STM32CubeIDE\plugins\com.st.stm32cube.common.mx_6.10.0.202311202037\\db\/plugins/mcufinder/images/
2024-02-23 22:57:35,475 [WARN] DbFile:41 - Overriding database path with different value: C:\Users\khanh\.stmcufinder\plugins\mcufinder/ => C:\Users\khanh\.stmcufinder\plugins\mcufinder
2024-02-23 22:57:35,475 [INFO] ApiDb:250 - Set database path to: C:\Users\khanh\.stmcufinder\plugins\mcufinder//mcu/
2024-02-23 22:57:35,475 [WARN] DbFile:41 - Overriding database path with different value: C:\Users\khanh\.stmcufinder\plugins\mcufinder/ => C:\Users\khanh\.stmcufinder\plugins\mcufinder
2024-02-23 22:57:35,475 [INFO] DbMcusAds:125 - Set database path to: C:\Users\khanh\.stmcufinder\plugins\mcufinder//mcu/
2024-02-23 22:57:35,475 [WARN] DbFile:41 - Overriding database path with different value: C:\Users\khanh\.stmcufinder\plugins\mcufinder/ => C:\Users\khanh\.stmcufinder\plugins\mcufinder
2024-02-23 22:57:35,476 [WARN] DbFile:41 - Overriding database path with different value: C:\Users\khanh\.stmcufinder\plugins\mcufinder/ => C:\Users\khanh\.stmcufinder\plugins\mcufinder
2024-02-23 22:57:36,356 [INFO] CrossReferenceDbSqlite:203 - Set database path to: C:\Users\khanh\.stmcufinder\plugins\mcufinder//mcu/cs/
2024-02-23 22:57:36,376 [INFO] ApplicationProperties:184 - Using Application install path: C:\ST\STM32CubeIDE_1.14.1\STM32CubeIDE\plugins\com.st.stm32cube.common.mx_6.10.0.202311202037
2024-02-23 22:57:36,377 [INFO] PluginManage:196 - Search for loadable plugins [exclusion list=, ]
2024-02-23 22:57:36,378 [INFO] PluginManage:310 - Check plugin analytics
2024-02-23 22:57:37,410 [INFO] AnalyticsPlugin:253 - Accepted Software Licenses: 
2024-02-23 22:57:37,410 [INFO] AnalyticsPlugin:255 - Accepted CMSIS Pack Licenses: 
2024-02-23 22:57:37,410 [INFO] AnalyticsPlugin:257 - Accepted Firmware Licenses: 
2024-02-23 22:57:37,412 [INFO] PluginManage:359 - Loaded plugin analytics (category:tool,tabindex:-1)
2024-02-23 22:57:37,412 [INFO] PluginManage:310 - Check plugin cadmodel
2024-02-23 22:57:37,415 [INFO] CADModel:105 - Init CAD model plugin
2024-02-23 22:57:37,415 [INFO] PluginManage:359 - Loaded plugin cadmodel (category:power,tabindex:5)
2024-02-23 22:57:37,415 [INFO] PluginManage:310 - Check plugin clock
2024-02-23 22:57:37,421 [INFO] PluginManage:359 - Loaded plugin clock (category:base,tabindex:2)
2024-02-23 22:57:37,421 [INFO] PluginManage:310 - Check plugin ddr
2024-02-23 22:57:37,423 [INFO] PluginManage:359 - Loaded plugin ddr (category:tool,tabindex:6)
2024-02-23 22:57:37,423 [INFO] PluginManage:310 - Check plugin filemanager
2024-02-23 22:57:37,517 [INFO] PluginManage:359 - Loaded plugin filemanager (category:base,tabindex:10)
2024-02-23 22:57:37,518 [INFO] PluginManage:310 - Check plugin ipmanager
2024-02-23 22:57:37,524 [INFO] PluginManage:359 - Loaded plugin ipmanager (category:base,tabindex:5)
2024-02-23 22:57:37,525 [INFO] PluginManage:310 - Check plugin lpbam
2024-02-23 22:57:37,548 [INFO] PluginManage:359 - Loaded plugin lpbam (category:base,tabindex:0)
2024-02-23 22:57:37,548 [INFO] PluginManage:310 - Check plugin memorymap
2024-02-23 22:57:37,557 [INFO] PluginManage:359 - Loaded plugin memorymap (category:base,tabindex:4)
2024-02-23 22:57:37,557 [INFO] PluginManage:310 - Check plugin pinoutandconfiguration
2024-02-23 22:57:37,562 [INFO] PluginManage:359 - Loaded plugin pinoutandconfiguration (category:base,tabindex:1)
2024-02-23 22:57:37,562 [INFO] PluginManage:310 - Check plugin pinoutconfig
2024-02-23 22:57:37,641 [WARN] SupportedApi:132 - Cannot load RTOS API schema: s4s-elt-must-match.1: The content of 'definitions' must match (annotation?, (simpleType | complexType)?, (unique | key | keyref)*)). A problem was found starting at: attribute.
2024-02-23 22:57:37,735 [INFO] PluginManage:359 - Loaded plugin pinoutconfig (category:base,tabindex:0)
2024-02-23 22:57:37,735 [INFO] PluginManage:310 - Check plugin power
2024-02-23 22:57:37,741 [INFO] PluginManage:359 - Loaded plugin power (category:power,tabindex:4)
2024-02-23 22:57:37,741 [INFO] PluginManage:310 - Check plugin projectmanager
2024-02-23 22:57:37,754 [INFO] PluginManage:359 - Loaded plugin projectmanager (category:projectmanager,tabindex:3)
2024-02-23 22:57:37,754 [INFO] PluginManage:310 - Check plugin thirdparty
2024-02-23 22:57:37,900 [INFO] PluginManage:359 - Loaded plugin thirdparty (category:base,tabindex:-1)
2024-02-23 22:57:37,900 [WARN] IntegrityCheckThread:84 - waiting for thirdparty lock release [integrity check]
2024-02-23 22:57:37,900 [INFO] IntegrityCheckThread:86 - entering critical section [integrity check]
2024-02-23 22:57:37,900 [INFO] PluginManage:310 - Check plugin tools
2024-02-23 22:57:37,901 [INFO] ThirdPartyUpdaterWithRetryManager:70 - Updater plugin not ready yet. [1/15]
2024-02-23 22:57:37,904 [INFO] PluginManage:359 - Loaded plugin tools (category:base,tabindex:7)
2024-02-23 22:57:37,905 [INFO] PluginManage:310 - Check plugin tutovideos
2024-02-23 22:57:38,032 [INFO] PluginManage:359 - Loaded plugin tutovideos (category:base,tabindex:-1)
2024-02-23 22:57:38,032 [INFO] PluginManage:310 - Check plugin updater
2024-02-23 22:57:38,040 [INFO] PluginManage:359 - Loaded plugin updater (category:base,tabindex:12)
2024-02-23 22:57:38,041 [INFO] PluginManage:310 - Check plugin userauth
2024-02-23 22:57:38,057 [INFO] UserAuth:114 - Init User Auth plugin
2024-02-23 22:57:38,057 [INFO] PluginManage:359 - Loaded plugin userauth (category:base,tabindex:14)
2024-02-23 22:57:38,058 [INFO] PluginManage:283 - PluginManage : Loaded plugins [17]
2024-02-23 22:57:38,229 [INFO] PinOutPanel:1499 - setPackage(No Configuration,No Configuration)
2024-02-23 22:57:38,325 [INFO] CADModel:165 - CPN selected for project level
2024-02-23 22:57:38,326 [INFO] CADModel:114 - Register for checkConnection events
2024-02-23 22:57:38,337 [INFO] IPUIPlugin:80 - create IPUIPlugin
2024-02-23 22:57:38,337 [INFO] PluginManager:220 - loadIPPluginJar : add adc
2024-02-23 22:57:38,340 [INFO] IPUIPlugin:80 - create IPUIPlugin
2024-02-23 22:57:38,340 [INFO] PluginManager:220 - loadIPPluginJar : add aes
2024-02-23 22:57:38,342 [INFO] IPUIPlugin:80 - create IPUIPlugin
2024-02-23 22:57:38,342 [INFO] PluginManager:220 - loadIPPluginJar : add can
2024-02-23 22:57:38,343 [INFO] IPUIPlugin:80 - create IPUIPlugin
2024-02-23 22:57:38,343 [INFO] PluginManager:220 - loadIPPluginJar : add comp
2024-02-23 22:57:38,345 [INFO] IPUIPlugin:80 - create IPUIPlugin
2024-02-23 22:57:38,345 [INFO] PluginManager:220 - loadIPPluginJar : add cryp
2024-02-23 22:57:38,346 [INFO] IPUIPlugin:80 - create IPUIPlugin
2024-02-23 22:57:38,346 [INFO] PluginManager:220 - loadIPPluginJar : add dfsdm
2024-02-23 22:57:38,351 [INFO] IPUIPlugin:80 - create IPUIPlugin
2024-02-23 22:57:38,351 [INFO] PluginManager:220 - loadIPPluginJar : add dma
2024-02-23 22:57:38,353 [INFO] IPUIPlugin:80 - create IPUIPlugin
2024-02-23 22:57:38,353 [INFO] PluginManager:220 - loadIPPluginJar : add dma3
2024-02-23 22:57:38,354 [INFO] IPUIPlugin:80 - create IPUIPlugin
2024-02-23 22:57:38,354 [INFO] PluginManager:220 - loadIPPluginJar : add fatfs
2024-02-23 22:57:38,357 [INFO] IPUIPlugin:80 - create IPUIPlugin
2024-02-23 22:57:38,357 [INFO] PluginManager:220 - loadIPPluginJar : add fmc
2024-02-23 22:57:38,361 [INFO] IPUIPlugin:80 - create IPUIPlugin
2024-02-23 22:57:38,361 [INFO] PluginManager:220 - loadIPPluginJar : add freertos
2024-02-23 22:57:38,362 [INFO] IPUIPlugin:80 - create IPUIPlugin
2024-02-23 22:57:38,362 [INFO] PluginManager:220 - loadIPPluginJar : add genericplugin
2024-02-23 22:57:38,364 [INFO] IPUIPlugin:80 - create IPUIPlugin
2024-02-23 22:57:38,364 [INFO] PluginManager:220 - loadIPPluginJar : add gfxmmu
2024-02-23 22:57:38,367 [INFO] IPUIPlugin:80 - create IPUIPlugin
2024-02-23 22:57:38,367 [INFO] PluginManager:220 - loadIPPluginJar : add gic
2024-02-23 22:57:38,370 [INFO] IPUIPlugin:80 - create IPUIPlugin
2024-02-23 22:57:38,371 [INFO] PluginManager:220 - loadIPPluginJar : add gpio
2024-02-23 22:57:38,373 [INFO] IPUIPlugin:80 - create IPUIPlugin
2024-02-23 22:57:38,373 [INFO] PluginManager:220 - loadIPPluginJar : add gtzc
2024-02-23 22:57:38,375 [INFO] IPUIPlugin:80 - create IPUIPlugin
2024-02-23 22:57:38,375 [INFO] PluginManager:220 - loadIPPluginJar : add hash
2024-02-23 22:57:38,377 [INFO] IPUIPlugin:80 - create IPUIPlugin
2024-02-23 22:57:38,377 [INFO] PluginManager:220 - loadIPPluginJar : add i2c
2024-02-23 22:57:38,379 [INFO] IPUIPlugin:80 - create IPUIPlugin
2024-02-23 22:57:38,379 [INFO] PluginManager:220 - loadIPPluginJar : add i2s
2024-02-23 22:57:38,381 [INFO] IPUIPlugin:80 - create IPUIPlugin
2024-02-23 22:57:38,381 [INFO] PluginManager:220 - loadIPPluginJar : add i3c
2024-02-23 22:57:38,384 [INFO] IPUIPlugin:80 - create IPUIPlugin
2024-02-23 22:57:38,384 [INFO] PluginManager:220 - loadIPPluginJar : add ipddr
2024-02-23 22:57:38,390 [INFO] IPUIPlugin:80 - create IPUIPlugin
2024-02-23 22:57:38,390 [INFO] PluginManager:220 - loadIPPluginJar : add linkedlist
2024-02-23 22:57:38,392 [INFO] IPUIPlugin:80 - create IPUIPlugin
2024-02-23 22:57:38,392 [INFO] PluginManager:220 - loadIPPluginJar : add lorawan
2024-02-23 22:57:38,393 [INFO] IPUIPlugin:80 - create IPUIPlugin
2024-02-23 22:57:38,394 [INFO] PluginManager:220 - loadIPPluginJar : add ltdc
2024-02-23 22:57:38,398 [INFO] IPUIPlugin:80 - create IPUIPlugin
2024-02-23 22:57:38,398 [INFO] PluginManager:220 - loadIPPluginJar : add mdma
2024-02-23 22:57:38,401 [INFO] IPUIPlugin:80 - create IPUIPlugin
2024-02-23 22:57:38,401 [INFO] PluginManager:220 - loadIPPluginJar : add nvic
2024-02-23 22:57:38,404 [INFO] IPUIPlugin:80 - create IPUIPlugin
2024-02-23 22:57:38,404 [INFO] PluginManager:220 - loadIPPluginJar : add opamp
2024-02-23 22:57:38,407 [INFO] IPUIPlugin:80 - create IPUIPlugin
2024-02-23 22:57:38,407 [INFO] PluginManager:220 - loadIPPluginJar : add openamp
2024-02-23 22:57:38,409 [INFO] IPUIPlugin:80 - create IPUIPlugin
2024-02-23 22:57:38,409 [INFO] PluginManager:220 - loadIPPluginJar : add pdm2pcm
2024-02-23 22:57:38,416 [INFO] IPUIPlugin:80 - create IPUIPlugin
2024-02-23 22:57:38,418 [INFO] PluginManager:220 - loadIPPluginJar : add plateformsettings
2024-02-23 22:57:38,419 [INFO] IPUIPlugin:80 - create IPUIPlugin
2024-02-23 22:57:38,419 [INFO] PluginManager:220 - loadIPPluginJar : add quadspi
2024-02-23 22:57:38,422 [INFO] IPUIPlugin:80 - create IPUIPlugin
2024-02-23 22:57:38,422 [INFO] PluginManager:220 - loadIPPluginJar : add resmgrutility
2024-02-23 22:57:38,424 [INFO] IPUIPlugin:80 - create IPUIPlugin
2024-02-23 22:57:38,424 [INFO] PluginManager:220 - loadIPPluginJar : add sai
2024-02-23 22:57:38,425 [INFO] IPUIPlugin:80 - create IPUIPlugin
2024-02-23 22:57:38,426 [INFO] PluginManager:220 - loadIPPluginJar : add spi
2024-02-23 22:57:38,429 [INFO] IPUIPlugin:80 - create IPUIPlugin
2024-02-23 22:57:38,429 [INFO] PluginManager:220 - loadIPPluginJar : add stm32_wpan
2024-02-23 22:57:38,430 [INFO] IPUIPlugin:80 - create IPUIPlugin
2024-02-23 22:57:38,431 [INFO] PluginManager:220 - loadIPPluginJar : add tim
2024-02-23 22:57:38,433 [INFO] IPUIPlugin:80 - create IPUIPlugin
2024-02-23 22:57:38,433 [INFO] PluginManager:220 - loadIPPluginJar : add touchsensing
2024-02-23 22:57:38,434 [INFO] IPUIPlugin:80 - create IPUIPlugin
2024-02-23 22:57:38,434 [INFO] PluginManager:220 - loadIPPluginJar : add tracer_emb
2024-02-23 22:57:38,436 [INFO] IPUIPlugin:80 - create IPUIPlugin
2024-02-23 22:57:38,436 [INFO] PluginManager:220 - loadIPPluginJar : add ts
2024-02-23 22:57:38,437 [INFO] IPUIPlugin:80 - create IPUIPlugin
2024-02-23 22:57:38,438 [INFO] PluginManager:220 - loadIPPluginJar : add tsc
2024-02-23 22:57:38,439 [INFO] IPUIPlugin:80 - create IPUIPlugin
2024-02-23 22:57:38,439 [INFO] PluginManager:220 - loadIPPluginJar : add ucpd
2024-02-23 22:57:38,441 [INFO] IPUIPlugin:80 - create IPUIPlugin
2024-02-23 22:57:38,441 [INFO] PluginManager:220 - loadIPPluginJar : add usart
2024-02-23 22:57:38,444 [INFO] IPUIPlugin:80 - create IPUIPlugin
2024-02-23 22:57:38,444 [INFO] PluginManager:220 - loadIPPluginJar : add usbx
2024-02-23 22:57:38,566 [INFO] CADModel:165 - CPN selected for project level
2024-02-23 22:57:38,566 [INFO] CADModel:114 - Register for checkConnection events
2024-02-23 22:57:38,566 [FATAL] Updater:308 - Updater called before beeing initialized
2024-02-23 22:57:38,566 [ERROR] CADModel:125 - Updater not yet initialized, retry later 
2024-02-23 22:57:38,690 [INFO] CADModel:165 - CPN selected for project level
2024-02-23 22:57:38,690 [INFO] CADModel:114 - Register for checkConnection events
2024-02-23 22:57:38,690 [FATAL] Updater:308 - Updater called before beeing initialized
2024-02-23 22:57:38,690 [ERROR] CADModel:125 - Updater not yet initialized, retry later 
2024-02-23 22:57:38,693 [FATAL] Updater:308 - Updater called before beeing initialized
2024-02-23 22:57:38,778 [FATAL] Updater:308 - Updater called before beeing initialized
2024-02-23 22:57:38,781 [INFO] DbMcusAds:53 - JSON generation date=Wed Nov 29 17:52:27 ICT 2023 (1701255147349)
2024-02-23 22:57:38,781 [FATAL] Updater:308 - Updater called before beeing initialized
2024-02-23 22:57:38,827 [WARN] DetailPanel:346 - Failed to get advertising image, set to default
2024-02-23 22:57:38,933 [FATAL] Updater:308 - Updater called before beeing initialized
2024-02-23 22:57:38,934 [FATAL] Updater:308 - Updater called before beeing initialized
2024-02-23 22:57:38,934 [FATAL] Updater:308 - Updater called before beeing initialized
2024-02-23 22:57:38,934 [WARN] DetailPanel:346 - Failed to get advertising image, set to default
2024-02-23 22:57:38,935 [FATAL] Updater:308 - Updater called before beeing initialized
2024-02-23 22:57:38,992 [ERROR] Updater:1120 - MainUpdater not yet initialized. External WinMGr cannot be set.
2024-02-23 22:57:38,994 [INFO] Updater:1056 - Updater Version found : 6.10.0
2024-02-23 22:57:39,007 [INFO] ApplicationProperties:184 - Using Application install path: C:\ST\STM32CubeIDE_1.14.1\STM32CubeIDE\plugins\com.st.stm32cube.common.mx_6.10.0.202311202037
2024-02-23 22:57:40,578 [ERROR] LogOutputStream:75 - [STDERR_REDIRECT] Feb 23, 2024 10:57:40 PM java.util.prefs.WindowsPreferences <init>
2024-02-23 22:57:40,579 [ERROR] LogOutputStream:75 - [STDERR_REDIRECT] WARNING: Could not open/create prefs root node Software\JavaSoft\Prefs at root 0xffffffff80000002. Windows RegCreateKeyEx(...) returned error code 5.
2024-02-23 22:57:40,579 [ERROR] LogOutputStream:75 - [STDERR_REDIRECT] 
2024-02-23 22:57:40,892 [INFO] MainUpdater:2873 - connection check result : 10
2024-02-23 22:57:40,893 [INFO] MainUpdater:290 - Updater Check For Update Now.
2024-02-23 22:57:40,893 [INFO] MicroXplorer:498 - Change Database Version : DB.6.0.100
2024-02-23 22:57:40,897 [INFO] McuFinderGlobals:63 - Set McuFinder mode to 2 (CubeIDE integrated)
2024-02-23 22:57:40,902 [WARN] MainUpdater:1194 - Updater busy. Cannot search thirdparties
2024-02-23 22:57:40,902 [INFO] ThirdPartyUpdaterWithRetryManager:96 - Updater plugin is busy. [1/15]
2024-02-23 22:57:41,066 [INFO] CheckServerUpdateThread:120 - End of CheckServer Thread
2024-02-23 22:57:41,149 [INFO] UserAuth:404 - Internet connection configuration mode: 1
2024-02-23 22:57:41,158 [INFO] JxBrowserEngine:152 - Initiate JxBrowser Engine with user profile folder
2024-02-23 22:57:41,649 [INFO] WebApp:161 - Instantiating new browser for Auth
2024-02-23 22:57:42,084 [INFO] WebApp:780 - Register for checkConnection events
2024-02-23 22:57:42,084 [INFO] WebApp:414 - Apply proxy settings
2024-02-23 22:57:42,085 [INFO] WebApp:499 - Chromium requires no authentication
2024-02-23 22:57:42,089 [INFO] WebApp:442 - Direct internet connection detected
2024-02-23 22:57:42,192 [INFO] WebApp:192 - Starting web application
2024-02-23 22:57:42,192 [INFO] WebApp:544 - Web application path used C:\ST\STM32CubeIDE_1.14.1\STM32CubeIDE\plugins\com.st.stm32cube.common.mx_6.10.0.202311202037\db\plugins\mcufinder\reactClient1\index.html
2024-02-23 22:57:44,077 [WARN] PackLoader:240 - Cannot read IP mode file for STMicroelectronics.X-CUBE-SMBUS.2.1.0
2024-02-23 22:57:44,102 [WARN] PackLoader:240 - Cannot read IP mode file for STMicroelectronics.X-CUBE-TOUCHGFX.4.23.0
2024-02-23 22:57:44,126 [WARN] PackLoader:240 - Cannot read IP mode file for STMicroelectronics.X-CUBE-AZRTOS-F7.1.1.0
2024-02-23 22:57:44,140 [WARN] PackLoader:240 - Cannot read IP mode file for STMicroelectronics.FP-SNS-MOTENV1.4.3.2
2024-02-23 22:57:44,149 [WARN] PackLoader:240 - Cannot read IP mode file for STMicroelectronics.FP-SNS-FLIGHT1.5.0.2
2024-02-23 22:57:44,163 [WARN] PackLoader:240 - Cannot read IP mode file for STMicroelectronics.X-CUBE-DISPLAY.3.0.0
2024-02-23 22:57:44,184 [WARN] PackLoader:240 - Cannot read IP mode file for STMicroelectronics.X-CUBE-BLE1.7.0.0
2024-02-23 22:57:44,193 [WARN] PackLoader:240 - Cannot read IP mode file for emotas.I-CUBE-CANOPEN.1.3.0
2024-02-23 22:57:44,201 [WARN] PackLoader:240 - Cannot read IP mode file for STMicroelectronics.FP-SNS-SMARTAG2.1.2.0
2024-02-23 22:57:44,212 [INFO] LogOutputStream:77 - [STDOUT_REDIRECT] 1 : Invalid condition id : UX_CORESTACK_Condition cause : null
2024-02-23 22:57:44,213 [INFO] LogOutputStream:77 - [STDOUT_REDIRECT] 1 : Invalid condition id : UX_CORESTACK_Condition cause : null
2024-02-23 22:57:44,215 [INFO] LogOutputStream:77 - [STDOUT_REDIRECT] 1 : Invalid condition id : UX_CORESTACK_Condition cause : null
2024-02-23 22:57:44,216 [INFO] LogOutputStream:77 - [STDOUT_REDIRECT] 1 : Invalid condition id : UX_CORESTACK_Condition cause : null
2024-02-23 22:57:44,217 [INFO] LogOutputStream:77 - [STDOUT_REDIRECT] 1 : Invalid condition id : UX_CORESTACK_Condition cause : null
2024-02-23 22:57:44,224 [WARN] PackLoader:240 - Cannot read IP mode file for STMicroelectronics.X-CUBE-AZRTOS-WL.2.0.0
2024-02-23 22:57:44,240 [WARN] PackLoader:240 - Cannot read IP mode file for WES.I-CUBE-Cesium.1.3.0
2024-02-23 22:57:44,248 [WARN] PackLoader:240 - Cannot read IP mode file for STMicroelectronics.X-CUBE-BLE2.3.3.0
2024-02-23 22:57:44,258 [WARN] PackLoader:240 - Cannot read IP mode file for STMicroelectronics.X-CUBE-ALGOBUILD.1.3.0
2024-02-23 22:57:44,280 [WARN] PackLoader:240 - Cannot read IP mode file for STMicroelectronics.X-CUBE-AZRTOS-G0.1.1.0
2024-02-23 22:57:44,288 [WARN] PackLoader:240 - Cannot read IP mode file for STMicroelectronics.X-CUBE-NFC4.3.0.0
2024-02-23 22:57:44,298 [WARN] PackLoader:240 - Cannot read IP mode file for STMicroelectronics.X-CUBE-BLEMGR.3.0.0
2024-02-23 22:57:44,315 [WARN] PackLoader:240 - Cannot read IP mode file for STMicroelectronics.FP-ATR-SIGFOX1.3.2.0
2024-02-23 22:57:44,327 [WARN] PackLoader:240 - Cannot read IP mode file for STMicroelectronics.X-CUBE-EEPRMA1.5.1.0
2024-02-23 22:57:44,387 [WARN] PackLoader:240 - Cannot read IP mode file for SEGGER.I-CUBE-embOS.1.3.1
2024-02-23 22:57:44,452 [WARN] PackLoader:240 - Cannot read IP mode file for STMicroelectronics.X-CUBE-GNSS1.6.0.0
2024-02-23 22:57:44,471 [WARN] PackLoader:240 - Cannot read IP mode file for STMicroelectronics.X-CUBE-AZRTOS-F4.1.1.0
2024-02-23 22:57:44,481 [WARN] PackLoader:240 - Cannot read IP mode file for wolfSSL.I-CUBE-wolfSSL.5.6.6
2024-02-23 22:57:44,497 [WARN] PackLoader:240 - Cannot read IP mode file for STMicroelectronics.X-CUBE-AZRTOS-L5.2.0.0
2024-02-23 22:57:44,510 [WARN] PackLoader:240 - Cannot read IP mode file for ITTIA_DB.I-CUBE-ITTIADB.8.8.0
2024-02-23 22:57:44,516 [WARN] PackLoader:240 - Cannot read IP mode file for STMicroelectronics.X-CUBE-NFC7.1.0.1
2024-02-23 22:57:44,526 [WARN] PackLoader:240 - Cannot read IP mode file for STMicroelectronics.X-CUBE-NFC6.3.0.0
2024-02-23 22:57:44,534 [WARN] PackLoader:240 - Cannot read IP mode file for STMicroelectronics.X-CUBE-AI.8.1.0
2024-02-23 22:57:44,551 [WARN] ConditionMgr:438 - getConditionDescription Invalid condition id : LAN8742 Phy interface Condition cause : null
2024-02-23 22:57:44,552 [WARN] PackLoader:240 - Cannot read IP mode file for STMicroelectronics.X-CUBE-AZRTOS-L4.2.0.0
2024-02-23 22:57:44,553 [WARN] ConditionMgr:1039 - genDependencies : Invalid condition id : LAN8742 Phy interface Condition cause : null
2024-02-23 22:57:44,553 [WARN] ConditionMgr:1039 - genDependencies : Invalid condition id : LAN8742 Phy interface Condition cause : null
2024-02-23 22:57:44,554 [WARN] ConditionMgr:1039 - genDependencies : Invalid condition id : LAN8742 Phy interface Condition cause : null
2024-02-23 22:57:44,563 [WARN] PackLoader:240 - Cannot read IP mode file for STMicroelectronics.X-CUBE-SFXS2LP1.4.0.0
2024-02-23 22:57:44,583 [WARN] ConditionMgr:438 - getConditionDescription Invalid condition id : UX DEVICE CLASS RTOS Condition cause : null
2024-02-23 22:57:44,584 [WARN] ConditionMgr:438 - getConditionDescription Invalid condition id : UX DEVICE CLASS RTOS Condition cause : null
2024-02-23 22:57:44,587 [WARN] PackLoader:240 - Cannot read IP mode file for STMicroelectronics.X-CUBE-AZRTOS-WB.2.0.0
2024-02-23 22:57:44,588 [WARN] ConditionMgr:1039 - genDependencies : Invalid condition id : UX DEVICE CLASS RTOS Condition cause : null
2024-02-23 22:57:44,589 [WARN] ConditionMgr:1039 - genDependencies : Invalid condition id : UX DEVICE CLASS RTOS Condition cause : null
2024-02-23 22:57:44,590 [WARN] ConditionMgr:1039 - genDependencies : Invalid condition id : UX DEVICE CLASS RTOS Condition cause : null
2024-02-23 22:57:44,590 [WARN] ConditionMgr:1039 - genDependencies : Invalid condition id : UX DEVICE CLASS RTOS Condition cause : null
2024-02-23 22:57:44,591 [WARN] ConditionMgr:1039 - genDependencies : Invalid condition id : UX DEVICE CLASS RTOS Condition cause : null
2024-02-23 22:57:44,608 [WARN] PackLoader:240 - Cannot read IP mode file for STMicroelectronics.X-CUBE-SUBG2.5.0.0
2024-02-23 22:57:44,642 [WARN] PackLoader:240 - Cannot read IP mode file for STMicroelectronics.X-CUBE-AZRTOS-G4.2.0.0
2024-02-23 22:57:44,664 [WARN] PackLoader:240 - Cannot read IP mode file for Infineon.AIROC-Wi-Fi-Bluetooth-STM32.1.5.1
2024-02-23 22:57:44,671 [WARN] PackLoader:240 - Cannot read IP mode file for STMicroelectronics.FP-SNS-MOTENVWB1.1.3.1
2024-02-23 22:57:44,678 [WARN] PackLoader:240 - Cannot read IP mode file for STMicroelectronics.X-CUBE-ISPU.2.0.0
2024-02-23 22:57:44,719 [WARN] PackLoader:240 - Cannot read IP mode file for STMicroelectronics.X-CUBE-MEMS1.10.0.0
2024-02-23 22:57:44,872 [WARN] PackLoader:240 - Cannot read IP mode file for STMicroelectronics.X-CUBE-FREERTOS.1.1.0
2024-02-23 22:57:44,883 [WARN] PackLoader:240 - Cannot read IP mode file for portGmbH.I-Cube-SoM-uGOAL.1.1.0
2024-02-23 22:57:44,894 [WARN] PackLoader:240 - Cannot read IP mode file for STMicroelectronics.X-CUBE-ALS.1.0.1
2024-02-23 22:57:44,901 [WARN] PackLoader:240 - Cannot read IP mode file for STMicroelectronics.FP-ATR-ASTRA1.2.0.0
2024-02-23 22:57:44,914 [WARN] PackLoader:240 - Cannot read IP mode file for STMicroelectronics.X-CUBE-TOF1.3.4.0
2024-02-23 22:57:44,947 [WARN] PackLoader:240 - Cannot read IP mode file for STMicroelectronics.X-CUBE-AZRTOS-H7.3.2.0
2024-02-23 22:57:44,950 [INFO] ThirdParty:978 - Integrity check success = true
2024-02-23 22:57:44,951 [INFO] IntegrityCheckThread:100 - exiting critical section [integrity check]
2024-02-23 22:57:44,951 [INFO] IntegrityCheckThread:103 - End integrity checks thread
2024-02-23 22:57:50,825 [ERROR] LogOutputStream:75 - [STDERR_REDIRECT] SLF4J: Failed to load class "org.slf4j.impl.StaticLoggerBinder".
2024-02-23 22:57:50,826 [ERROR] LogOutputStream:75 - [STDERR_REDIRECT] SLF4J: Defaulting to no-operation (NOP) logger implementation
2024-02-23 22:57:50,827 [ERROR] LogOutputStream:75 - [STDERR_REDIRECT] SLF4J: See http://www.slf4j.org/codes.html#StaticLoggerBinder for further details.
2024-02-23 22:58:13,306 [INFO] MainUpdater:2873 - connection check result : 10
2024-02-23 22:58:13,992 [INFO] CheckServerUpdateThread:120 - End of CheckServer Thread
2024-02-23 22:59:34,425 [INFO] ServerAccessManage:473 - Download File updaters.zip
2024-02-23 22:59:34,588 [INFO] FileExtend:240 - Unzip File : updaters.zip
2024-02-23 22:59:34,589 [INFO] FileExtend:255 - Standard Zip Deflate
2024-02-23 22:59:35,028 [INFO] ServerAccessManage:473 - Download File PacksControlFlags.xml
2024-02-23 22:59:35,132 [INFO] ServerAccessManage:473 - Download File cubemx.pidx
2024-02-23 22:59:35,587 [INFO] ServerAccessManage:473 - Download File STMicroelectronics.FP-ATR-ASTRA1.pdsc
2024-02-23 22:59:36,076 [INFO] ServerAccessManage:473 - Download File STMicroelectronics.FP-ATR-SIGFOX1.pdsc
2024-02-23 22:59:36,320 [INFO] ServerAccessManage:473 - Download File STMicroelectronics.FP-SNS-FLIGHT1.pdsc
2024-02-23 22:59:36,842 [INFO] ServerAccessManage:473 - Download File STMicroelectronics.FP-SNS-MOTENV1.pdsc
2024-02-23 22:59:37,304 [INFO] ServerAccessManage:473 - Download File STMicroelectronics.FP-SNS-MOTENVWB1.pdsc
2024-02-23 22:59:37,734 [INFO] ServerAccessManage:473 - Download File STMicroelectronics.FP-SNS-SMARTAG2.pdsc
2024-02-23 22:59:38,008 [INFO] ServerAccessManage:473 - Download File STMicroelectronics.X-CUBE-AI.pdsc
2024-02-23 22:59:39,817 [INFO] ServerAccessManage:473 - Download File STMicroelectronics.X-CUBE-ALS.pdsc
2024-02-23 22:59:40,197 [INFO] ServerAccessManage:473 - Download File STMicroelectronics.X-CUBE-BLE1.pdsc
2024-02-23 22:59:42,543 [ERROR] ServerAccessManage:1089 - Problem, file not found on Server
2024-02-23 22:59:42,666 [INFO] ServerAccessManage:473 - Download File STMicroelectronics.X-CUBE-BLE2.pdsc
2024-02-23 22:59:43,626 [INFO] ServerAccessManage:473 - Download File STMicroelectronics.X-CUBE-BLEMGR.pdsc
2024-02-23 22:59:44,733 [INFO] ServerAccessManage:473 - Download File STMicroelectronics.X-CUBE-DISPLAY.pdsc
2024-02-23 22:59:45,493 [INFO] ServerAccessManage:473 - Download File STMicroelectronics.X-CUBE-EEPRMA1.pdsc
2024-02-23 22:59:46,574 [ERROR] ServerAccessManage:1089 - Problem, file not found on Server
2024-02-23 22:59:47,813 [ERROR] ServerAccessManage:1089 - Problem, file not found on Server
2024-02-23 22:59:48,285 [INFO] ServerAccessManage:473 - Download File STMicroelectronics.X-CUBE-FREERTOS.pdsc
2024-02-23 22:59:48,728 [INFO] ServerAccessManage:473 - Download File STMicroelectronics.X-CUBE-GNSS1.pdsc
2024-02-23 22:59:50,483 [ERROR] ServerAccessManage:1089 - Problem, file not found on Server
2024-02-23 22:59:51,504 [ERROR] ServerAccessManage:1089 - Problem, file not found on Server
2024-02-23 22:59:52,401 [ERROR] ServerAccessManage:1089 - Problem, file not found on Server
2024-02-23 22:59:53,411 [ERROR] ServerAccessManage:1089 - Problem, file not found on Server
2024-02-23 22:59:54,300 [ERROR] ServerAccessManage:1089 - Problem, file not found on Server
2024-02-23 22:59:55,258 [ERROR] ServerAccessManage:1089 - Problem, file not found on Server
2024-02-23 22:59:55,372 [INFO] ServerAccessManage:473 - Download File STMicroelectronics.X-CUBE-ISPU.pdsc
2024-02-23 22:59:55,842 [INFO] ServerAccessManage:473 - Download File STMicroelectronics.X-CUBE-MEMS1.pdsc
2024-02-23 22:59:58,389 [INFO] ServerAccessManage:473 - Download File STMicroelectronics.X-CUBE-NFC4.pdsc
2024-02-23 22:59:59,830 [INFO] ServerAccessManage:473 - Download File STMicroelectronics.X-CUBE-NFC6.pdsc
2024-02-23 23:00:00,146 [INFO] ServerAccessManage:473 - Download File STMicroelectronics.X-CUBE-NFC7.pdsc
2024-02-23 23:00:00,485 [INFO] ServerAccessManage:473 - Download File STMicroelectronics.X-CUBE-SFXS2LP1.pdsc
2024-02-23 23:00:01,030 [INFO] ServerAccessManage:473 - Download File STMicroelectronics.X-CUBE-SUBG2.pdsc
2024-02-23 23:00:02,116 [INFO] ServerAccessManage:473 - Download File STMicroelectronics.X-CUBE-SMBUS.pdsc
2024-02-23 23:00:03,287 [ERROR] ServerAccessManage:1089 - Problem, file not found on Server
2024-02-23 23:00:03,394 [INFO] ServerAccessManage:473 - Download File STMicroelectronics.X-CUBE-TOF1.pdsc
2024-02-23 23:00:05,247 [ERROR] ServerAccessManage:1089 - Problem, file not found on Server
2024-02-23 23:00:05,471 [INFO] ServerAccessManage:473 - Download File STMicroelectronics.X-CUBE-TOUCHGFX.pdsc
2024-02-23 23:00:14,247 [INFO] ServerAccessManage:473 - Download File STMicroelectronics.X-CUBE-ALGOBUILD.pdsc
2024-02-23 23:00:15,046 [INFO] ServerAccessManage:473 - Download File STMicroelectronics.X-CUBE-AZRTOS-H7.pdsc
2024-02-23 23:00:16,143 [INFO] ServerAccessManage:473 - Download File STMicroelectronics.X-CUBE-AZRTOS-F4.pdsc
2024-02-23 23:00:16,538 [INFO] ServerAccessManage:473 - Download File STMicroelectronics.X-CUBE-AZRTOS-F7.pdsc
2024-02-23 23:00:16,932 [INFO] ServerAccessManage:473 - Download File STMicroelectronics.X-CUBE-AZRTOS-L4.pdsc
2024-02-23 23:00:17,352 [INFO] ServerAccessManage:473 - Download File STMicroelectronics.X-CUBE-AZRTOS-L5.pdsc
2024-02-23 23:00:17,864 [INFO] ServerAccessManage:473 - Download File STMicroelectronics.X-CUBE-AZRTOS-G0.pdsc
2024-02-23 23:00:18,247 [INFO] ServerAccessManage:473 - Download File STMicroelectronics.X-CUBE-AZRTOS-G4.pdsc
2024-02-23 23:00:18,645 [INFO] ServerAccessManage:473 - Download File STMicroelectronics.X-CUBE-AZRTOS-WB.pdsc
2024-02-23 23:00:19,029 [INFO] ServerAccessManage:473 - Download File STMicroelectronics.X-CUBE-AZRTOS-WL.pdsc
2024-02-23 23:00:20,516 [INFO] ServerAccessManage:473 - Download File wolfSSL.I-CUBE-wolfSSL.pdsc
2024-02-23 23:00:27,094 [ERROR] ServerAccessManage:1089 - Problem, file not found on Server
2024-02-23 23:00:27,662 [ERROR] ServerAccessManage:1089 - Problem, file not found on Server
2024-02-23 23:00:28,219 [ERROR] ServerAccessManage:1089 - Problem, file not found on Server
2024-02-23 23:00:29,478 [ERROR] ServerAccessManage:1096 - Problem, Http access forbiden
2024-02-23 23:00:29,479 [ERROR] ServerAccessManage:651 - Problem, Http access forbiden : RoweBots.I-CUBE-UNISONRTOS.pdsc.
2024-02-23 23:00:30,499 [INFO] ServerAccessManage:473 - Download File SEGGER.I-CUBE-embOS.pdsc
2024-02-23 23:00:32,850 [INFO] ServerAccessManage:473 - Download File portGmbH.I-Cube-SoM-uGOAL.pdsc
2024-02-23 23:00:34,812 [ERROR] ServerAccessManage:1089 - Problem, file not found on Server
2024-02-23 23:00:35,007 [ERROR] ServerAccessManage:1089 - Problem, file not found on Server
2024-02-23 23:00:35,203 [ERROR] ServerAccessManage:1089 - Problem, file not found on Server
2024-02-23 23:00:36,621 [INFO] ServerAccessManage:473 - Download File emotas.I-CUBE-CANOPEN.pdsc
2024-02-23 23:00:38,529 [INFO] ServerAccessManage:473 - Download File WES.I-CUBE-Cesium.pdsc
2024-02-23 23:00:39,355 [ERROR] ServerAccessManage:1089 - Problem, file not found on Server
2024-02-23 23:00:39,731 [ERROR] ServerAccessManage:1089 - Problem, file not found on Server
2024-02-23 23:00:40,873 [INFO] ServerAccessManage:473 - Download File ITTIA_DB.I-CUBE-ITTIADB.pdsc
2024-02-23 23:00:40,937 [INFO] McuFinderGlobals:63 - Set McuFinder mode to 2 (CubeIDE integrated)
2024-02-23 23:00:45,681 [INFO] ServerAccessManage:473 - Download File Infineon.AIROC-Wi-Fi-Bluetooth-STM32.pdsc
2024-02-23 23:00:48,651 [WARN] Engine:547 - Do no try to populate pack already in database: STMicroelectronics.FP-ATR-ASTRA1.2.0.0
2024-02-23 23:00:48,653 [WARN] Engine:547 - Do no try to populate pack already in database: STMicroelectronics.FP-ATR-SIGFOX1.3.2.0
2024-02-23 23:00:48,654 [WARN] Engine:547 - Do no try to populate pack already in database: STMicroelectronics.FP-SNS-FLIGHT1.5.0.2
2024-02-23 23:00:48,656 [WARN] Engine:547 - Do no try to populate pack already in database: STMicroelectronics.FP-SNS-MOTENV1.4.3.2
2024-02-23 23:00:48,658 [WARN] Engine:547 - Do no try to populate pack already in database: STMicroelectronics.FP-SNS-MOTENVWB1.1.3.1
2024-02-23 23:00:48,659 [WARN] Engine:547 - Do no try to populate pack already in database: STMicroelectronics.FP-SNS-SMARTAG2.1.2.0
2024-02-23 23:00:48,660 [WARN] Engine:547 - Do no try to populate pack already in database: STMicroelectronics.X-CUBE-AI.8.1.0
2024-02-23 23:00:48,661 [WARN] Engine:547 - Do no try to populate pack already in database: STMicroelectronics.X-CUBE-ALS.1.0.1
2024-02-23 23:00:48,662 [WARN] Engine:547 - Do no try to populate pack already in database: STMicroelectronics.X-CUBE-BLE1.7.0.0
2024-02-23 23:00:48,664 [WARN] Engine:547 - Do no try to populate pack already in database: STMicroelectronics.X-CUBE-BLE2.3.3.0
2024-02-23 23:00:48,666 [WARN] Engine:547 - Do no try to populate pack already in database: STMicroelectronics.X-CUBE-BLEMGR.3.0.0
2024-02-23 23:00:48,668 [WARN] Engine:547 - Do no try to populate pack already in database: STMicroelectronics.X-CUBE-DISPLAY.3.0.0
2024-02-23 23:00:48,669 [WARN] Engine:547 - Do no try to populate pack already in database: STMicroelectronics.X-CUBE-EEPRMA1.5.1.0
2024-02-23 23:00:48,670 [WARN] Engine:547 - Do no try to populate pack already in database: STMicroelectronics.X-CUBE-FREERTOS.1.1.0
2024-02-23 23:00:48,671 [WARN] Engine:547 - Do no try to populate pack already in database: STMicroelectronics.X-CUBE-GNSS1.6.0.0
2024-02-23 23:00:48,673 [WARN] Engine:547 - Do no try to populate pack already in database: STMicroelectronics.X-CUBE-ISPU.2.0.0
2024-02-23 23:00:48,678 [WARN] Engine:547 - Do no try to populate pack already in database: STMicroelectronics.X-CUBE-MEMS1.10.0.0
2024-02-23 23:00:48,679 [WARN] Engine:547 - Do no try to populate pack already in database: STMicroelectronics.X-CUBE-NFC4.3.0.0
2024-02-23 23:00:48,681 [WARN] Engine:547 - Do no try to populate pack already in database: STMicroelectronics.X-CUBE-NFC6.3.0.0
2024-02-23 23:00:48,683 [WARN] Engine:547 - Do no try to populate pack already in database: STMicroelectronics.X-CUBE-NFC7.1.0.1
2024-02-23 23:00:48,684 [WARN] Engine:547 - Do no try to populate pack already in database: STMicroelectronics.X-CUBE-SFXS2LP1.4.0.0
2024-02-23 23:00:48,686 [WARN] Engine:547 - Do no try to populate pack already in database: STMicroelectronics.X-CUBE-SUBG2.5.0.0
2024-02-23 23:00:48,687 [WARN] Engine:547 - Do no try to populate pack already in database: STMicroelectronics.X-CUBE-SMBUS.2.1.0
2024-02-23 23:00:48,690 [WARN] Engine:547 - Do no try to populate pack already in database: STMicroelectronics.X-CUBE-TOF1.3.4.0
2024-02-23 23:00:48,691 [WARN] Engine:547 - Do no try to populate pack already in database: STMicroelectronics.X-CUBE-TOUCHGFX.4.23.0
2024-02-23 23:00:48,692 [WARN] Engine:547 - Do no try to populate pack already in database: STMicroelectronics.X-CUBE-ALGOBUILD.1.3.0
2024-02-23 23:00:48,696 [WARN] Engine:547 - Do no try to populate pack already in database: STMicroelectronics.X-CUBE-AZRTOS-H7.3.2.0
2024-02-23 23:00:48,700 [WARN] Engine:547 - Do no try to populate pack already in database: STMicroelectronics.X-CUBE-AZRTOS-F4.1.1.0
2024-02-23 23:00:48,703 [WARN] Engine:547 - Do no try to populate pack already in database: STMicroelectronics.X-CUBE-AZRTOS-F7.1.1.0
2024-02-23 23:00:48,707 [WARN] Engine:547 - Do no try to populate pack already in database: STMicroelectronics.X-CUBE-AZRTOS-L4.2.0.0
2024-02-23 23:00:48,710 [WARN] Engine:547 - Do no try to populate pack already in database: STMicroelectronics.X-CUBE-AZRTOS-L5.2.0.0
2024-02-23 23:00:48,714 [WARN] Engine:547 - Do no try to populate pack already in database: STMicroelectronics.X-CUBE-AZRTOS-G0.1.1.0
2024-02-23 23:00:48,719 [WARN] Engine:547 - Do no try to populate pack already in database: STMicroelectronics.X-CUBE-AZRTOS-G4.2.0.0
2024-02-23 23:00:48,723 [WARN] Engine:547 - Do no try to populate pack already in database: STMicroelectronics.X-CUBE-AZRTOS-WB.2.0.0
2024-02-23 23:00:48,727 [WARN] Engine:547 - Do no try to populate pack already in database: STMicroelectronics.X-CUBE-AZRTOS-WL.2.0.0
2024-02-23 23:00:48,728 [WARN] Engine:547 - Do no try to populate pack already in database: wolfSSL.I-CUBE-wolfSSL.5.6.6
2024-02-23 23:00:48,731 [WARN] Engine:547 - Do no try to populate pack already in database: SEGGER.I-CUBE-embOS.1.3.1
2024-02-23 23:00:48,733 [WARN] Engine:547 - Do no try to populate pack already in database: portGmbH.I-Cube-SoM-uGOAL.1.1.0
2024-02-23 23:00:48,734 [WARN] Engine:547 - Do no try to populate pack already in database: emotas.I-CUBE-CANOPEN.1.3.0
2024-02-23 23:00:48,736 [WARN] Engine:547 - Do no try to populate pack already in database: WES.I-CUBE-Cesium.1.3.0
2024-02-23 23:00:48,737 [WARN] Engine:547 - Do no try to populate pack already in database: ITTIA_DB.I-CUBE-ITTIADB.8.8.0
2024-02-23 23:00:48,739 [WARN] Engine:547 - Do no try to populate pack already in database: Infineon.AIROC-Wi-Fi-Bluetooth-STM32.1.5.1
2024-02-23 23:00:48,739 [INFO] PopulateThirdPartyThread:66 - Ending populate Thread
2024-02-23 23:00:48,739 [INFO] LoadServerUpdatesThread:375 - End of LoadServerUpdate Thread
2024-02-23 23:00:48,934 [INFO] CheckServerUpdateThread:120 - End of CheckServer Thread
2024-02-23 23:00:55,972 [INFO] MainUpdater:2873 - connection check result : 10
2024-02-23 23:00:56,410 [INFO] ApiDb:581 - Connected to CubeFinder SQLite database (C:\Users\khanh\.stmcufinder\plugins\mcufinder\mcu\cube-finder-db.db)
2024-02-23 23:00:56,482 [INFO] ApiDb:668 - CubeFinder database Data Model version=2.1
2024-02-23 23:00:56,482 [INFO] ApiDb:669 - CubeFinder database Configuration version=3.0.39
2024-02-23 23:00:56,482 [INFO] ApiDb:670 - CubeFinder database generation date=2024-01-11 (1704964531)
2024-02-23 23:00:56,483 [INFO] ApiDb:671 - CubeFinder database FW Pack versions=[FP-ATR-ASTRA1_V2.0.0, FP-SNS-FLIGHT1_V5.0.1, FP-SNS-FLIGHT1_V5.0.2, FP-SNS-MOTENV1_V4.3.1, FP-SNS-MOTENV1_V4.3.2, FP-SNS-MOTENVWB1_V1.3.1, FP-SNS-SMARTAG2_V1.2.0, STM32Cube_FW_C0_V1.1.0, STM32Cube_FW_F4_V1.28.0, STM32Cube_FW_F7_V1.17.0, STM32Cube_FW_G0_V1.6.2, STM32Cube_FW_G4_V1.5.2, STM32Cube_FW_H5_V0.5.1, STM32Cube_FW_H5_V1.1.1, STM32Cube_FW_H5_V1.2.0RC2, STM32Cube_FW_H7_V1.11.0, STM32Cube_FW_L0_V1.12.2, STM32Cube_FW_L5_V1.5.0, STM32Cube_FW_U5_V1.3.0RC4, STM32Cube_FW_U5_V1.4.0, STM32Cube_FW_WBA_V1.0.0RC1, STM32Cube_FW_WBA_V1.1.0RC1, STM32Cube_FW_WBA_V1.2.0, STM32Cube_FW_WBA_V1.2.0RC2, STM32Cube_FW_WB_V1.15.0RC1, STM32Cube_FW_WB_V1.16.0, STM32Cube_FW_WB_V1.16.0RC2, STM32Cube_FW_WB_V1.18.0, STM32Cube_FW_WL_V1.3.0, X-CUBE-ALGOBUILD_V1.3.0, X-CUBE-ALS_V1.0.1, X-CUBE-AZRTOS-F4_V1.1.0, X-CUBE-AZRTOS-F7_V1.1.0, X-CUBE-AZRTOS-G0_V1.1.0, X-CUBE-AZRTOS-G4_V2.0.0, X-CUBE-AZRTOS-H7_V3.2.0, X-CUBE-AZRTOS-L4_V1.0.0, X-CUBE-AZRTOS-L4_V2.0.0, X-CUBE-AZRTOS-L5_V1.1.0, X-CUBE-AZRTOS-WB_V2.0.0, X-CUBE-AZRTOS-WL_V2.0.0, X-CUBE-BLE1_V7.0.0, X-CUBE-BLE2_V3.3.0, X-CUBE-BLEMGR_V3.0.0, X-CUBE-EEPRMA1_V4.1.0, X-CUBE-EEPRMA1_V4.2.0, X-CUBE-FREERTOS_V1.1.0, X-CUBE-GNSS1_V6.0.0, X-CUBE-MEMS1_V10.0.0, X-CUBE-MEMS1_V9.1.0, X-CUBE-MEMS1_V9.4.0, X-CUBE-MEMS1_V9.6.0, X-CUBE-NFC4_V3.0.0, X-CUBE-NFC7_V1.0.1, X-CUBE-SFXS2LP1_V4.0.0, X-CUBE-SUBG2_V5.0.0, X-CUBE-TOF1_V3.4.0]
2024-02-23 23:00:56,549 [INFO] DbBoardsSqlite:226 - include board P-NUCLEO-WB55-NUCLEO as a kit item of type 'Nucleo-64'
2024-02-23 23:00:56,550 [INFO] DbBoardsSqlite:226 - include board P-NUCLEO-WB55-USBDONGLE as a kit item of type 'Nucleo USB Dongle'
2024-02-23 23:00:56,550 [INFO] DbBoardsSqlite:226 - include board STEVAL-IDP005V1 as a kit item of type 'Evaluation Board'
2024-02-23 23:00:56,550 [INFO] DbBoardsSqlite:226 - include board STEVAL-IDP005V2 as a kit item of type 'Evaluation Board'
2024-02-23 23:00:56,612 [INFO] ApiDb:240 - Found 371 in-development CPN: [B-G473E-ZEST1S, B-WB1M-WPAN1, B-WL5M-SUBG1, NUCLEO-C031C6, NUCLEO-H503RB, NUCLEO-H563ZI, NUCLEO-U545RE-Q, NUCLEO-U5A5ZJ-Q, NUCLEO-WBA52CG, NUCLEO-WBA55CG, STEVAL-MKBOXPRO, STEVAL-PROTEUS1, STEVAL-STWINBX1, STM320518-EVAL, STM32C0116-DK, STM32C011D6Y3TR, STM32C011D6Y6TR, STM32C011F4P3, STM32C011F4P6, STM32C011F4U3, STM32C011F4U6TR, STM32C011F6P3, STM32C011F6P6, STM32C011F6U3, STM32C011F6U6TR, STM32C011J4M3, STM32C011J4M6, STM32C011J6M3, STM32C011J6M6, STM32C0316-DK, STM32C031C4T3, STM32C031C4T6, STM32C031C4U3, STM32C031C4U6, STM32C031C6T3, STM32C031C6T6, STM32C031C6U3, STM32C031C6U6, STM32C031F4P3, STM32C031F4P6, STM32C031F6P3, STM32C031F6P6, STM32C031G4U3, STM32C031G4U6, STM32C031G6U3, STM32C031G6U6, STM32C031K4T3, STM32C031K4T6, STM32C031K4U3, STM32C031K4U6, STM32C031K6T3, STM32C031K6T6, STM32C031K6U3, STM32C031K6U6, STM32G071K8TXN, STM32G071K8UXN, STM32G081GBU6N, STM32G081KBT6N, STM32G081KBUXN, STM32G0B1CCT6N, STM32G0B1KCT6, STM32G0B1NEY6TR, STM32G0B1RCT6N, STM32G0C1CCT6, STM32G0C1CCT6N, STM32G0C1CCU6N, STM32G0C1CET6N, STM32G0C1CEU6N, STM32G0C1KCT6, STM32G0C1NEY6TR, STM32G0C1RCI6N, STM32G0C1RCT6N, STM32G0C1REI6N, STM32G0C1RET6N, STM32G0C1VCI6, STM32G0C1VEI6, STM32G471CCT6, STM32G471CCU6, STM32G471CET3, STM32G471CET6, STM32G471CEU3, STM32G471CEU6, STM32G471MCT6, STM32G471MET3, STM32G471MET6, STM32G471MEY6TR, STM32G471QCT6, STM32G471QET3, STM32G471RCT6, STM32G471RET3, STM32G471RET6, STM32G471VCH6, STM32G471VCI6, STM32G471VCT6, STM32G471VEH3, STM32G471VEH6, STM32G471VEI3, STM32G471VEI6, STM32G471VET3, STM32G471VET6, STM32G474CCT6, STM32H503CBT6, STM32H503CBU6, STM32H503EBY6TR, STM32H503KBU6, STM32H503RBT6, STM32H562AGI6, STM32H562AII6, STM32H562IGK6, STM32H562IGT6, STM32H562IIK6, STM32H562IIT6, STM32H562RGT6, STM32H562RGV6, STM32H562RIT6, STM32H562RIV6, STM32H562VGT6, STM32H562VIT6, STM32H562ZGT6, STM32H562ZIT6, STM32H563AGI6, STM32H563AII3Q, STM32H563AII6, STM32H563IGK6, STM32H563IGT6, STM32H563IIK3Q, STM32H563IIK6, STM32H563IIT3Q, STM32H563IIT6, STM32H563MIY3QTR, STM32H563RGT6, STM32H563RGV6, STM32H563RIT6, STM32H563RIV6, STM32H563VGT6, STM32H563VIT3Q, STM32H563VIT6, STM32H563ZGT6, STM32H563ZIT3Q, STM32H563ZIT6, STM32H573AII3Q, STM32H573AII6, STM32H573I-DK, STM32H573IIK3Q, STM32H573IIK6, STM32H573IIT3Q, STM32H573IIT6, STM32H573MIY3QTR, STM32H573RIT6, STM32H573RIV6, STM32H573VIT3Q, STM32H573VIT6, STM32H573ZIT3Q, STM32H573ZIT6, STM32L4R5QGI6STR, STM32MP131AAE3, STM32MP131AAF3, STM32MP131AAG3, STM32MP131CAE3, STM32MP131CAF3, STM32MP131CAG3, STM32MP131DAE7, STM32MP131DAF7, STM32MP131DAG7, STM32MP131FAE7, STM32MP131FAF7, STM32MP131FAG7, STM32MP133AAE3, STM32MP133AAF3, STM32MP133AAG3, STM32MP133CAE3, STM32MP133CAF3, STM32MP133CAG3, STM32MP133DAE7, STM32MP133DAF7, STM32MP133DAG7, STM32MP133FAE7, STM32MP133FAF7, STM32MP133FAG7, STM32MP135AAE3, STM32MP135AAF3, STM32MP135AAG3, STM32MP135CAE3, STM32MP135CAF3, STM32MP135CAG3, STM32MP135DAE7, STM32MP135DAF7, STM32MP135DAG7, STM32MP135F-DK, STM32MP135FAE7, STM32MP135FAF7, STM32MP135FAF7T, STM32MP135FAF7U, STM32MP135FAG7, STM32U535CBT6, STM32U535CBT6Q, STM32U535CBU6, STM32U535CBU6Q, STM32U535CCT6, STM32U535CCT6Q, STM32U535CCU6, STM32U535CCU6Q, STM32U535CET6, STM32U535CET6Q, STM32U535CEU6, STM32U535CEU6Q, STM32U535JEY6QTR, STM32U535NCY6QTR, STM32U535NEY6QTR, STM32U535RBI6, STM32U535RBI6Q, STM32U535RBT6, STM32U535RBT6Q, STM32U535RCI6, STM32U535RCI6Q, STM32U535RCT6, STM32U535RCT6Q, STM32U535REI6, STM32U535REI6Q, STM32U535RET6, STM32U535RET6Q, STM32U535VCI6, STM32U535VCI6Q, STM32U535VCT6, STM32U535VCT6Q, STM32U535VEI6, STM32U535VEI6Q, STM32U535VET6, STM32U535VET6Q, STM32U545CET6, STM32U545CET6Q, STM32U545CEU6, STM32U545CEU6Q, STM32U545JEY6QTR, STM32U545NEY6QTR, STM32U545REI6, STM32U545REI6Q, STM32U545RET6, STM32U545RET6Q, STM32U545VEI6, STM32U545VEI6Q, STM32U545VET6, STM32U545VET6Q, STM32U595AIH6, STM32U595AIH6Q, STM32U595AJH6, STM32U595AJH6Q, STM32U595QII6, STM32U595QII6Q, STM32U595QJI6, STM32U595QJI6Q, STM32U595RIT6, STM32U595RIT6Q, STM32U595RJT6, STM32U595RJT6Q, STM32U595VIT6, STM32U595VIT6Q, STM32U595VJT6, STM32U595VJT6Q, STM32U595ZIT6, STM32U595ZIT6Q, STM32U595ZIY6QTR, STM32U595ZJT6, STM32U595ZJT6Q, STM32U595ZJY6QTR, STM32U599BJY6QTR, STM32U599NIH6Q, STM32U599NJH6Q, STM32U599VIT6Q, STM32U599VJT6, STM32U599VJT6Q, STM32U599ZIT6Q, STM32U599ZIY6QTR, STM32U599ZJT6Q, STM32U599ZJY6QTR, STM32U5A5AJH6, STM32U5A5AJH6Q, STM32U5A5QJI6, STM32U5A5QJI6Q, STM32U5A5RJT6, STM32U5A5RJT6Q, STM32U5A5VJT6, STM32U5A5VJT6Q, STM32U5A5ZJT6, STM32U5A5ZJT6Q, STM32U5A5ZJY6QTR, STM32U5A9BJY6QTR, STM32U5A9J-DK, STM32U5A9NJH6Q, STM32U5A9VJT6Q, STM32U5A9ZJT6Q, STM32U5A9ZJY6QTR, STM32U5F7VIT6, STM32U5F7VIT6Q, STM32U5F7VJT6, STM32U5F7VJT6Q, STM32U5F9BJY6QTR, STM32U5F9NJH6Q, STM32U5F9VIT6Q, STM32U5F9VJT6Q, STM32U5F9ZIJ6QTR, STM32U5F9ZIT6Q, STM32U5F9ZJJ6QTR, STM32U5F9ZJT6Q, STM32U5G7VJT6, STM32U5G7VJT6Q, STM32U5G9BJY6QTR, STM32U5G9J-DK1, STM32U5G9J-DK2, STM32U5G9NJH6Q, STM32U5G9VJT6Q, STM32U5G9ZJJ6QTR, STM32U5G9ZJT6Q, STM32WB1MMCH6, STM32WBA50KEU6, STM32WBA50KEU6TR, STM32WBA50KGU6, STM32WBA50KGU6TR, STM32WBA52CEU6, STM32WBA52CEU6TR, STM32WBA52CEU7, STM32WBA52CEU7TR, STM32WBA52CGU6, STM32WBA52CGU6TR, STM32WBA52CGU6U, STM32WBA52CGU7, STM32WBA52CGU7TR, STM32WBA52KEU6, STM32WBA52KEU6TR, STM32WBA52KGU6, STM32WBA52KGU6TR, STM32WBA54CEU6, STM32WBA54CEU6TR, STM32WBA54CEU7, STM32WBA54CEU7TR, STM32WBA54CGU6, STM32WBA54CGU6TR, STM32WBA54CGU7, STM32WBA54CGU7TR, STM32WBA54KEU6, STM32WBA54KEU6TR, STM32WBA54KEU7, STM32WBA54KEU7TR, STM32WBA54KGU6, STM32WBA54KGU6TR, STM32WBA54KGU7, STM32WBA54KGU7TR, STM32WBA55CEU6, STM32WBA55CEU6TR, STM32WBA55CEU7, STM32WBA55CEU7TR, STM32WBA55CGU6, STM32WBA55CGU6TR, STM32WBA55CGU6U, STM32WBA55CGU7, STM32WBA55CGU7TR, STM32WBA55G-DK1, STM32WBA55HEF6, STM32WBA55HEF7, STM32WBA55HGF6, STM32WBA55HGF7, STM32WBA55UEI6, STM32WBA55UEI6TR, STM32WBA55UEI7, STM32WBA55UEI7TR, STM32WBA55UGI6, STM32WBA55UGI6TR, STM32WBA55UGI7, STM32WBA55UGI7TR, STM32WL5MOCH6, STM32WL5MOCH6TR]
2024-02-23 23:00:56,689 [INFO] BoardInfo:889 - No configuration file found for board P-NUCLEO-WB55
2024-02-23 23:00:56,690 [INFO] DbBoards:161 - Kit is not supported: P-NUCLEO-WB55
2024-02-23 23:00:56,695 [INFO] BoardInfo:889 - No configuration file found for board STEVAL-BFA001V1B
2024-02-23 23:00:56,696 [INFO] DbBoards:161 - Kit is not supported: STEVAL-BFA001V1B
2024-02-23 23:00:56,697 [INFO] BoardInfo:889 - No configuration file found for board STEVAL-BFA001V2B
2024-02-23 23:00:56,698 [INFO] DbBoards:161 - Kit is not supported: STEVAL-BFA001V2B
2024-02-23 23:00:56,794 [INFO] DbBoards:168 - Found 193 boards, 190 are supported
2024-02-23 23:00:56,794 [INFO] DbBoards:169 - Found 193 boards, 3 of them is supported for  Bsp
2024-02-23 23:00:56,797 [INFO] ApiDb:668 - CubeFinder database Data Model version=2.1
2024-02-23 23:00:56,798 [INFO] ApiDb:669 - CubeFinder database Configuration version=3.0.39
2024-02-23 23:00:56,798 [INFO] ApiDb:670 - CubeFinder database generation date=2024-01-11 (1704964531)
2024-02-23 23:00:56,798 [INFO] ApiDb:671 - CubeFinder database FW Pack versions=[FP-ATR-ASTRA1_V2.0.0, FP-SNS-FLIGHT1_V5.0.1, FP-SNS-FLIGHT1_V5.0.2, FP-SNS-MOTENV1_V4.3.1, FP-SNS-MOTENV1_V4.3.2, FP-SNS-MOTENVWB1_V1.3.1, FP-SNS-SMARTAG2_V1.2.0, STM32Cube_FW_C0_V1.1.0, STM32Cube_FW_F4_V1.28.0, STM32Cube_FW_F7_V1.17.0, STM32Cube_FW_G0_V1.6.2, STM32Cube_FW_G4_V1.5.2, STM32Cube_FW_H5_V0.5.1, STM32Cube_FW_H5_V1.1.1, STM32Cube_FW_H5_V1.2.0RC2, STM32Cube_FW_H7_V1.11.0, STM32Cube_FW_L0_V1.12.2, STM32Cube_FW_L5_V1.5.0, STM32Cube_FW_U5_V1.3.0RC4, STM32Cube_FW_U5_V1.4.0, STM32Cube_FW_WBA_V1.0.0RC1, STM32Cube_FW_WBA_V1.1.0RC1, STM32Cube_FW_WBA_V1.2.0, STM32Cube_FW_WBA_V1.2.0RC2, STM32Cube_FW_WB_V1.15.0RC1, STM32Cube_FW_WB_V1.16.0, STM32Cube_FW_WB_V1.16.0RC2, STM32Cube_FW_WB_V1.18.0, STM32Cube_FW_WL_V1.3.0, X-CUBE-ALGOBUILD_V1.3.0, X-CUBE-ALS_V1.0.1, X-CUBE-AZRTOS-F4_V1.1.0, X-CUBE-AZRTOS-F7_V1.1.0, X-CUBE-AZRTOS-G0_V1.1.0, X-CUBE-AZRTOS-G4_V2.0.0, X-CUBE-AZRTOS-H7_V3.2.0, X-CUBE-AZRTOS-L4_V1.0.0, X-CUBE-AZRTOS-L4_V2.0.0, X-CUBE-AZRTOS-L5_V1.1.0, X-CUBE-AZRTOS-WB_V2.0.0, X-CUBE-AZRTOS-WL_V2.0.0, X-CUBE-BLE1_V7.0.0, X-CUBE-BLE2_V3.3.0, X-CUBE-BLEMGR_V3.0.0, X-CUBE-EEPRMA1_V4.1.0, X-CUBE-EEPRMA1_V4.2.0, X-CUBE-FREERTOS_V1.1.0, X-CUBE-GNSS1_V6.0.0, X-CUBE-MEMS1_V10.0.0, X-CUBE-MEMS1_V9.1.0, X-CUBE-MEMS1_V9.4.0, X-CUBE-MEMS1_V9.6.0, X-CUBE-NFC4_V3.0.0, X-CUBE-NFC7_V1.0.1, X-CUBE-SFXS2LP1_V4.0.0, X-CUBE-SUBG2_V5.0.0, X-CUBE-TOF1_V3.4.0]
2024-02-23 23:00:58,420 [INFO] ApiDb:240 - Found 371 in-development CPN: [B-G473E-ZEST1S, B-WB1M-WPAN1, B-WL5M-SUBG1, NUCLEO-C031C6, NUCLEO-H503RB, NUCLEO-H563ZI, NUCLEO-U545RE-Q, NUCLEO-U5A5ZJ-Q, NUCLEO-WBA52CG, NUCLEO-WBA55CG, STEVAL-MKBOXPRO, STEVAL-PROTEUS1, STEVAL-STWINBX1, STM320518-EVAL, STM32C0116-DK, STM32C011D6Y3TR, STM32C011D6Y6TR, STM32C011F4P3, STM32C011F4P6, STM32C011F4U3, STM32C011F4U6TR, STM32C011F6P3, STM32C011F6P6, STM32C011F6U3, STM32C011F6U6TR, STM32C011J4M3, STM32C011J4M6, STM32C011J6M3, STM32C011J6M6, STM32C0316-DK, STM32C031C4T3, STM32C031C4T6, STM32C031C4U3, STM32C031C4U6, STM32C031C6T3, STM32C031C6T6, STM32C031C6U3, STM32C031C6U6, STM32C031F4P3, STM32C031F4P6, STM32C031F6P3, STM32C031F6P6, STM32C031G4U3, STM32C031G4U6, STM32C031G6U3, STM32C031G6U6, STM32C031K4T3, STM32C031K4T6, STM32C031K4U3, STM32C031K4U6, STM32C031K6T3, STM32C031K6T6, STM32C031K6U3, STM32C031K6U6, STM32G071K8TXN, STM32G071K8UXN, STM32G081GBU6N, STM32G081KBT6N, STM32G081KBUXN, STM32G0B1CCT6N, STM32G0B1KCT6, STM32G0B1NEY6TR, STM32G0B1RCT6N, STM32G0C1CCT6, STM32G0C1CCT6N, STM32G0C1CCU6N, STM32G0C1CET6N, STM32G0C1CEU6N, STM32G0C1KCT6, STM32G0C1NEY6TR, STM32G0C1RCI6N, STM32G0C1RCT6N, STM32G0C1REI6N, STM32G0C1RET6N, STM32G0C1VCI6, STM32G0C1VEI6, STM32G471CCT6, STM32G471CCU6, STM32G471CET3, STM32G471CET6, STM32G471CEU3, STM32G471CEU6, STM32G471MCT6, STM32G471MET3, STM32G471MET6, STM32G471MEY6TR, STM32G471QCT6, STM32G471QET3, STM32G471RCT6, STM32G471RET3, STM32G471RET6, STM32G471VCH6, STM32G471VCI6, STM32G471VCT6, STM32G471VEH3, STM32G471VEH6, STM32G471VEI3, STM32G471VEI6, STM32G471VET3, STM32G471VET6, STM32G474CCT6, STM32H503CBT6, STM32H503CBU6, STM32H503EBY6TR, STM32H503KBU6, STM32H503RBT6, STM32H562AGI6, STM32H562AII6, STM32H562IGK6, STM32H562IGT6, STM32H562IIK6, STM32H562IIT6, STM32H562RGT6, STM32H562RGV6, STM32H562RIT6, STM32H562RIV6, STM32H562VGT6, STM32H562VIT6, STM32H562ZGT6, STM32H562ZIT6, STM32H563AGI6, STM32H563AII3Q, STM32H563AII6, STM32H563IGK6, STM32H563IGT6, STM32H563IIK3Q, STM32H563IIK6, STM32H563IIT3Q, STM32H563IIT6, STM32H563MIY3QTR, STM32H563RGT6, STM32H563RGV6, STM32H563RIT6, STM32H563RIV6, STM32H563VGT6, STM32H563VIT3Q, STM32H563VIT6, STM32H563ZGT6, STM32H563ZIT3Q, STM32H563ZIT6, STM32H573AII3Q, STM32H573AII6, STM32H573I-DK, STM32H573IIK3Q, STM32H573IIK6, STM32H573IIT3Q, STM32H573IIT6, STM32H573MIY3QTR, STM32H573RIT6, STM32H573RIV6, STM32H573VIT3Q, STM32H573VIT6, STM32H573ZIT3Q, STM32H573ZIT6, STM32L4R5QGI6STR, STM32MP131AAE3, STM32MP131AAF3, STM32MP131AAG3, STM32MP131CAE3, STM32MP131CAF3, STM32MP131CAG3, STM32MP131DAE7, STM32MP131DAF7, STM32MP131DAG7, STM32MP131FAE7, STM32MP131FAF7, STM32MP131FAG7, STM32MP133AAE3, STM32MP133AAF3, STM32MP133AAG3, STM32MP133CAE3, STM32MP133CAF3, STM32MP133CAG3, STM32MP133DAE7, STM32MP133DAF7, STM32MP133DAG7, STM32MP133FAE7, STM32MP133FAF7, STM32MP133FAG7, STM32MP135AAE3, STM32MP135AAF3, STM32MP135AAG3, STM32MP135CAE3, STM32MP135CAF3, STM32MP135CAG3, STM32MP135DAE7, STM32MP135DAF7, STM32MP135DAG7, STM32MP135F-DK, STM32MP135FAE7, STM32MP135FAF7, STM32MP135FAF7T, STM32MP135FAF7U, STM32MP135FAG7, STM32U535CBT6, STM32U535CBT6Q, STM32U535CBU6, STM32U535CBU6Q, STM32U535CCT6, STM32U535CCT6Q, STM32U535CCU6, STM32U535CCU6Q, STM32U535CET6, STM32U535CET6Q, STM32U535CEU6, STM32U535CEU6Q, STM32U535JEY6QTR, STM32U535NCY6QTR, STM32U535NEY6QTR, STM32U535RBI6, STM32U535RBI6Q, STM32U535RBT6, STM32U535RBT6Q, STM32U535RCI6, STM32U535RCI6Q, STM32U535RCT6, STM32U535RCT6Q, STM32U535REI6, STM32U535REI6Q, STM32U535RET6, STM32U535RET6Q, STM32U535VCI6, STM32U535VCI6Q, STM32U535VCT6, STM32U535VCT6Q, STM32U535VEI6, STM32U535VEI6Q, STM32U535VET6, STM32U535VET6Q, STM32U545CET6, STM32U545CET6Q, STM32U545CEU6, STM32U545CEU6Q, STM32U545JEY6QTR, STM32U545NEY6QTR, STM32U545REI6, STM32U545REI6Q, STM32U545RET6, STM32U545RET6Q, STM32U545VEI6, STM32U545VEI6Q, STM32U545VET6, STM32U545VET6Q, STM32U595AIH6, STM32U595AIH6Q, STM32U595AJH6, STM32U595AJH6Q, STM32U595QII6, STM32U595QII6Q, STM32U595QJI6, STM32U595QJI6Q, STM32U595RIT6, STM32U595RIT6Q, STM32U595RJT6, STM32U595RJT6Q, STM32U595VIT6, STM32U595VIT6Q, STM32U595VJT6, STM32U595VJT6Q, STM32U595ZIT6, STM32U595ZIT6Q, STM32U595ZIY6QTR, STM32U595ZJT6, STM32U595ZJT6Q, STM32U595ZJY6QTR, STM32U599BJY6QTR, STM32U599NIH6Q, STM32U599NJH6Q, STM32U599VIT6Q, STM32U599VJT6, STM32U599VJT6Q, STM32U599ZIT6Q, STM32U599ZIY6QTR, STM32U599ZJT6Q, STM32U599ZJY6QTR, STM32U5A5AJH6, STM32U5A5AJH6Q, STM32U5A5QJI6, STM32U5A5QJI6Q, STM32U5A5RJT6, STM32U5A5RJT6Q, STM32U5A5VJT6, STM32U5A5VJT6Q, STM32U5A5ZJT6, STM32U5A5ZJT6Q, STM32U5A5ZJY6QTR, STM32U5A9BJY6QTR, STM32U5A9J-DK, STM32U5A9NJH6Q, STM32U5A9VJT6Q, STM32U5A9ZJT6Q, STM32U5A9ZJY6QTR, STM32U5F7VIT6, STM32U5F7VIT6Q, STM32U5F7VJT6, STM32U5F7VJT6Q, STM32U5F9BJY6QTR, STM32U5F9NJH6Q, STM32U5F9VIT6Q, STM32U5F9VJT6Q, STM32U5F9ZIJ6QTR, STM32U5F9ZIT6Q, STM32U5F9ZJJ6QTR, STM32U5F9ZJT6Q, STM32U5G7VJT6, STM32U5G7VJT6Q, STM32U5G9BJY6QTR, STM32U5G9J-DK1, STM32U5G9J-DK2, STM32U5G9NJH6Q, STM32U5G9VJT6Q, STM32U5G9ZJJ6QTR, STM32U5G9ZJT6Q, STM32WB1MMCH6, STM32WBA50KEU6, STM32WBA50KEU6TR, STM32WBA50KGU6, STM32WBA50KGU6TR, STM32WBA52CEU6, STM32WBA52CEU6TR, STM32WBA52CEU7, STM32WBA52CEU7TR, STM32WBA52CGU6, STM32WBA52CGU6TR, STM32WBA52CGU6U, STM32WBA52CGU7, STM32WBA52CGU7TR, STM32WBA52KEU6, STM32WBA52KEU6TR, STM32WBA52KGU6, STM32WBA52KGU6TR, STM32WBA54CEU6, STM32WBA54CEU6TR, STM32WBA54CEU7, STM32WBA54CEU7TR, STM32WBA54CGU6, STM32WBA54CGU6TR, STM32WBA54CGU7, STM32WBA54CGU7TR, STM32WBA54KEU6, STM32WBA54KEU6TR, STM32WBA54KEU7, STM32WBA54KEU7TR, STM32WBA54KGU6, STM32WBA54KGU6TR, STM32WBA54KGU7, STM32WBA54KGU7TR, STM32WBA55CEU6, STM32WBA55CEU6TR, STM32WBA55CEU7, STM32WBA55CEU7TR, STM32WBA55CGU6, STM32WBA55CGU6TR, STM32WBA55CGU6U, STM32WBA55CGU7, STM32WBA55CGU7TR, STM32WBA55G-DK1, STM32WBA55HEF6, STM32WBA55HEF7, STM32WBA55HGF6, STM32WBA55HGF7, STM32WBA55UEI6, STM32WBA55UEI6TR, STM32WBA55UEI7, STM32WBA55UEI7TR, STM32WBA55UGI6, STM32WBA55UGI6TR, STM32WBA55UGI7, STM32WBA55UGI7TR, STM32WL5MOCH6, STM32WL5MOCH6TR]
2024-02-23 23:00:58,425 [INFO] DbMcus:218 - Found 3930 MCUs, 3930 are supported
2024-02-23 23:00:58,425 [INFO] ApiDb:423 - Load user favorites file C:\Users\khanh/.stm32cubeide/favorites.mcus.txt: 0 item(s)
2024-02-23 23:00:58,425 [INFO] ApiDb:427 - User favorites MCUs=[]
2024-02-23 23:00:58,425 [INFO] DbMcus:224 - Set 0 / 0 favorites MCUs
2024-02-23 23:00:58,571 [INFO] ApiDb:414 - User favorites file not found: C:\Users\khanh/.stm32cubeide/favorites.boards.txt
2024-02-23 23:00:58,571 [INFO] DbBoards:198 - Set 0 / 0 favorites Boards
2024-02-23 23:00:58,572 [INFO] McuFinderGlobals:76 - Set McuFinderConnectedMode to true
2024-02-23 23:00:58,577 [INFO] MultiScanPanel:200 - Auto-refresh data requested => check proxy status ongoing
2024-02-23 23:00:58,578 [INFO] FinderPluginLoader:95 - Searching for filters in installed packs
2024-02-23 23:00:59,810 [INFO] LoadUrlFilesThread:185 - End of LoadServerUrlFiles without Thread
2024-02-23 23:00:59,821 [INFO] DetailPanel:341 - Set advertising image to C:/Users/khanh/STM32Cube/Repository/\en.prom-stm32wl3-mcu-finder.jpg
2024-02-23 23:01:31,999 [INFO] MainUpdater:2873 - connection check result : 10
2024-02-23 23:01:31,999 [INFO] MainUpdater:2873 - connection check result : 10
2024-02-23 23:01:32,024 [INFO] MicroXplorer:468 - Change Database Path : 
2024-02-23 23:01:32,024 [INFO] MicroXplorer:498 - Change Database Version : DB.6.0.100
2024-02-23 23:01:32,027 [WARN] ThirdParty:871 - waiting for thirdparty lock release [close project]
2024-02-23 23:01:32,027 [INFO] ThirdParty:873 - entering critical section [close project]
2024-02-23 23:01:32,028 [INFO] ThirdParty:883 - exiting critical section [close project]
2024-02-23 23:01:32,029 [INFO] PinOutPanel:1499 - setPackage(No Configuration,No Configuration)
2024-02-23 23:01:32,032 [INFO] UtilMem:75 - Begin LoadConfig() Used Memory: 761350136 Bytes (1073741824)
2024-02-23 23:01:32,033 [INFO] MicroXplorer:468 - Change Database Path : 
2024-02-23 23:01:32,033 [INFO] MicroXplorer:498 - Change Database Version : DB.6.0.100
2024-02-23 23:01:32,033 [INFO] OpenFileManager:312 - Change cursor
2024-02-23 23:01:32,058 [INFO] Mcu:2016 - Initializing MCU STM32F103C8Tx STM32F103C8Tx STM32F103C8T6
2024-02-23 23:01:32,670 [INFO] Context:659 - Trying to add GPIOservice into a context  which must be forbidden
2024-02-23 23:01:32,824 [INFO] ImportTextPane:194 - (OptionalMessage_ERROR) Unable to find key (Mcu.ThirdPartyNb) in loaded IOC file
2024-02-23 23:01:32,824 [INFO] ImportTextPane:194 - (OptionalMessage_ERROR) Unable to find key (Mcu.PinsNb) in loaded IOC file
2024-02-23 23:01:32,824 [INFO] ImportTextPane:194 - (OptionalMessage_ERROR) Unable to find key (Mcu.IPNb) in loaded IOC file
2024-02-23 23:01:32,879 [INFO] RtosManager:555 - Registered RTOS mode: class=CMSIS, group=RTOS, mode=CMSIS_V1, owner=FREERTOS
2024-02-23 23:01:32,879 [INFO] RtosManager:555 - Registered RTOS mode: class=CMSIS, group=RTOS2, mode=CMSIS_V2, owner=FREERTOS
2024-02-23 23:01:32,879 [INFO] RtosManager:555 - Registered RTOS mode: class=RTOS, group=Core, mode=CMSIS_V1, owner=FREERTOS
2024-02-23 23:01:32,879 [INFO] RtosManager:555 - Registered RTOS mode: class=RTOS, group=Core, mode=CMSIS_V2, owner=FREERTOS
2024-02-23 23:01:32,879 [WARN] ModelIntegratedComponent:184 - Missing modes for component STMicroelectronics:FreeRTOS:0.0.1:STMicroelectronics:RTOS:FreeRTOS:Core:::10.2.0:
2024-02-23 23:01:32,892 [WARN] ModelIntegratedComponent:63 - No mode defined for component null
2024-02-23 23:01:32,892 [WARN] ModelIntegratedComponent:63 - No mode defined for component null
2024-02-23 23:01:32,892 [WARN] ModelIntegratedComponent:63 - No mode defined for component null
2024-02-23 23:01:32,892 [WARN] ModelIntegratedComponent:63 - No mode defined for component null
2024-02-23 23:01:32,892 [WARN] ModelIntegratedComponent:63 - No mode defined for component null
2024-02-23 23:01:32,892 [WARN] ModelIntegratedComponent:63 - No mode defined for component null
2024-02-23 23:01:32,892 [WARN] ModelIntegratedComponent:63 - No mode defined for component null
2024-02-23 23:01:32,892 [WARN] ModelIntegratedComponent:63 - No mode defined for component null
2024-02-23 23:01:32,893 [WARN] ModelIntegratedComponent:63 - No mode defined for component null
2024-02-23 23:01:32,893 [WARN] ModelIntegratedComponent:63 - No mode defined for component null
2024-02-23 23:01:32,893 [WARN] ModelIntegratedComponent:63 - No mode defined for component null
2024-02-23 23:01:32,893 [WARN] ModelIntegratedComponent:63 - No mode defined for component null
2024-02-23 23:01:32,893 [WARN] ModelIntegratedComponent:63 - No mode defined for component null
2024-02-23 23:01:32,893 [WARN] ModelIntegratedComponent:63 - No mode defined for component null
2024-02-23 23:01:32,893 [WARN] ModelIntegratedComponent:63 - No mode defined for component null
2024-02-23 23:01:32,893 [WARN] ModelIntegratedComponent:63 - No mode defined for component null
2024-02-23 23:01:32,893 [WARN] ModelIntegratedComponent:63 - No mode defined for component null
2024-02-23 23:01:32,893 [WARN] ModelIntegratedComponent:63 - No mode defined for component null
2024-02-23 23:01:32,893 [WARN] ModelIntegratedComponent:63 - No mode defined for component null
2024-02-23 23:01:32,893 [WARN] ModelIntegratedComponent:63 - No mode defined for component null
2024-02-23 23:01:32,893 [WARN] ModelIntegratedComponent:63 - No mode defined for component null
2024-02-23 23:01:32,893 [WARN] ModelIntegratedComponent:63 - No mode defined for component null
2024-02-23 23:01:32,893 [WARN] ModelIntegratedComponent:63 - No mode defined for component null
2024-02-23 23:01:32,893 [WARN] ModelIntegratedComponent:63 - No mode defined for component null
2024-02-23 23:01:32,893 [WARN] ModelIntegratedComponent:63 - No mode defined for component null
2024-02-23 23:01:32,893 [WARN] ModelIntegratedComponent:63 - No mode defined for component null
2024-02-23 23:01:32,893 [WARN] ModelIntegratedComponent:63 - No mode defined for component null
2024-02-23 23:01:32,893 [WARN] ModelIntegratedComponent:63 - No mode defined for component null
2024-02-23 23:01:32,893 [WARN] ModelIntegratedComponent:63 - No mode defined for component null
2024-02-23 23:01:32,893 [WARN] ModelIntegratedComponent:63 - No mode defined for component null
2024-02-23 23:01:32,893 [WARN] ModelIntegratedComponent:63 - No mode defined for component null
2024-02-23 23:01:32,893 [WARN] ModelIntegratedComponent:63 - No mode defined for component null
2024-02-23 23:01:32,893 [WARN] ModelIntegratedComponent:63 - No mode defined for component null
2024-02-23 23:01:33,032 [INFO] ThirdPartyModel:298 - Start build external matchings
2024-02-23 23:01:33,439 [INFO] ThirdPartyModel:316 - End build external matchings
2024-02-23 23:01:33,665 [INFO] UtilMem:75 - End LoadConfig() Used Memory: 530482496 Bytes (1073741824)
2024-02-23 23:01:33,711 [INFO] MicroXplorer:468 - Change Database Path : 
2024-02-23 23:01:33,712 [INFO] MicroXplorer:498 - Change Database Version : DB.6.0.100
2024-02-23 23:01:33,712 [WARN] ThirdParty:833 - waiting for thirdparty lock release [change project]
2024-02-23 23:01:33,712 [INFO] ThirdParty:835 - entering critical section [change project]
2024-02-23 23:01:33,712 [INFO] ThirdParty:1030 - CMSIS Pack Vendor :STMicroelectronics USBPD 4.1
2024-02-23 23:01:33,712 [INFO] ThirdParty:1030 - CMSIS Pack Vendor :STMicroelectronics X-CUBE-GNSS1 6.0.0
2024-02-23 23:01:33,712 [INFO] ThirdParty:1030 - CMSIS Pack Vendor :STMicroelectronics USB_HOST 2.0.0
2024-02-23 23:01:33,712 [INFO] ThirdParty:1030 - CMSIS Pack Vendor :STMicroelectronics X-CUBE-AZRTOS-F4 1.1.0
2024-02-23 23:01:33,713 [INFO] ThirdParty:1030 - CMSIS Pack Vendor :STMicroelectronics LIBJPEG 8.0.0
2024-02-23 23:01:33,713 [INFO] ThirdParty:1030 - CMSIS Pack Vendor :STMicroelectronics X-CUBE-SMBUS 2.1.0
2024-02-23 23:01:33,713 [INFO] ThirdParty:1030 - CMSIS Pack Vendor :STMicroelectronics USB_DEVICE 3.0.0
2024-02-23 23:01:33,713 [INFO] ThirdParty:1030 - CMSIS Pack Vendor :STMicroelectronics X-CUBE-AZRTOS-WB 2.0.0
2024-02-23 23:01:33,713 [INFO] ThirdParty:1030 - CMSIS Pack Vendor :wolfSSL I-CUBE-wolfSSL 5.6.6
2024-02-23 23:01:33,713 [INFO] ThirdParty:1030 - CMSIS Pack Vendor :STMicroelectronics X-CUBE-TOUCHGFX 4.23.0
2024-02-23 23:01:33,713 [INFO] ThirdParty:1030 - CMSIS Pack Vendor :STMicroelectronics X-CUBE-AZRTOS-F7 1.1.0
2024-02-23 23:01:33,713 [INFO] ThirdParty:1030 - CMSIS Pack Vendor :STMicroelectronics X-CUBE-AZRTOS-L5 2.0.0
2024-02-23 23:01:33,713 [INFO] ThirdParty:1030 - CMSIS Pack Vendor :STMicroelectronics USB_DEVICE 2.0.0
2024-02-23 23:01:33,713 [INFO] ThirdParty:1030 - CMSIS Pack Vendor :ITTIA_DB I-CUBE-ITTIADB 8.8.0
2024-02-23 23:01:33,713 [INFO] ThirdParty:1030 - CMSIS Pack Vendor :STMicroelectronics FP-SNS-MOTENV1 4.3.2
2024-02-23 23:01:33,713 [INFO] ThirdParty:1030 - CMSIS Pack Vendor :STMicroelectronics X-CUBE-ALGOBUILD 1.3.0
2024-02-23 23:01:33,713 [INFO] ThirdParty:1030 - CMSIS Pack Vendor :STMicroelectronics FreeRTOS 0.0.1
2024-02-23 23:01:33,713 [INFO] ThirdParty:1030 - CMSIS Pack Vendor :STMicroelectronics X-CUBE-AZRTOS-G0 1.1.0
2024-02-23 23:01:33,713 [INFO] ThirdParty:1030 - CMSIS Pack Vendor :STMicroelectronics X-CUBE-NFC4 3.0.0
2024-02-23 23:01:33,713 [INFO] ThirdParty:1030 - CMSIS Pack Vendor :STMicroelectronics X-CUBE-SUBG2 5.0.0
2024-02-23 23:01:33,713 [INFO] ThirdParty:1030 - CMSIS Pack Vendor :STMicroelectronics STM32_WPAN 1.0.0
2024-02-23 23:01:33,713 [INFO] ThirdParty:1030 - CMSIS Pack Vendor :STMicroelectronics lwIP 2.0.3
2024-02-23 23:01:33,713 [INFO] ThirdParty:1030 - CMSIS Pack Vendor :STMicroelectronics FP-SNS-FLIGHT1 5.0.2
2024-02-23 23:01:33,713 [INFO] ThirdParty:1030 - CMSIS Pack Vendor :STMicroelectronics USB_HOST 1.0.0
2024-02-23 23:01:33,713 [INFO] ThirdParty:1030 - CMSIS Pack Vendor :STMicroelectronics X-CUBE-AZRTOS-G4 2.0.0
2024-02-23 23:01:33,713 [INFO] ThirdParty:1030 - CMSIS Pack Vendor :STMicroelectronics PDM2PCM 3.1.0
2024-02-23 23:01:33,713 [INFO] ThirdParty:1030 - CMSIS Pack Vendor :Infineon AIROC-Wi-Fi-Bluetooth-STM32 1.5.1
2024-02-23 23:01:33,713 [INFO] ThirdParty:1030 - CMSIS Pack Vendor :STMicroelectronics X-CUBE-BLEMGR 3.0.0
2024-02-23 23:01:33,713 [INFO] ThirdParty:1030 - CMSIS Pack Vendor :STMicroelectronics PDM2PCM 3.3.0
2024-02-23 23:01:33,713 [INFO] ThirdParty:1030 - CMSIS Pack Vendor :STMicroelectronics X-CUBE-DISPLAY 3.0.0
2024-02-23 23:01:33,713 [INFO] ThirdParty:1030 - CMSIS Pack Vendor :STMicroelectronics FP-SNS-MOTENVWB1 1.3.1
2024-02-23 23:01:33,713 [INFO] ThirdParty:1030 - CMSIS Pack Vendor :STMicroelectronics X-CUBE-BLE1 7.0.0
2024-02-23 23:01:33,713 [INFO] ThirdParty:1030 - CMSIS Pack Vendor :STMicroelectronics FP-ATR-SIGFOX1 3.2.0
2024-02-23 23:01:33,713 [INFO] ThirdParty:1030 - CMSIS Pack Vendor :STMicroelectronics X-CUBE-ISPU 2.0.0
2024-02-23 23:01:33,713 [INFO] ThirdParty:1030 - CMSIS Pack Vendor :STMicroelectronics X-CUBE-EEPRMA1 5.1.0
2024-02-23 23:01:33,713 [INFO] ThirdParty:1030 - CMSIS Pack Vendor :STMicroelectronics HAL Drivers 0.0.0
2024-02-23 23:01:33,713 [INFO] ThirdParty:1030 - CMSIS Pack Vendor :STMicroelectronics MBEDTLS 2.16.2
2024-02-23 23:01:33,713 [INFO] ThirdParty:1030 - CMSIS Pack Vendor :emotas I-CUBE-CANOPEN 1.3.0
2024-02-23 23:01:33,713 [INFO] ThirdParty:1030 - CMSIS Pack Vendor :STMicroelectronics X-CUBE-MEMS1 10.0.0
2024-02-23 23:01:33,713 [INFO] ThirdParty:1030 - CMSIS Pack Vendor :STMicroelectronics X-CUBE-FREERTOS 1.1.0
2024-02-23 23:01:33,713 [INFO] ThirdParty:1030 - CMSIS Pack Vendor :STMicroelectronics X-CUBE-NFC7 1.0.1
2024-02-23 23:01:33,714 [INFO] ThirdParty:1030 - CMSIS Pack Vendor :STMicroelectronics MBEDTLS 2.14.1
2024-02-23 23:01:33,714 [INFO] ThirdParty:1030 - CMSIS Pack Vendor :STMicroelectronics X-CUBE-NFC6 3.0.0
2024-02-23 23:01:33,714 [INFO] ThirdParty:1030 - CMSIS Pack Vendor :portGmbH I-Cube-SoM-uGOAL 1.1.0
2024-02-23 23:01:33,714 [INFO] ThirdParty:1030 - CMSIS Pack Vendor :STMicroelectronics X-CUBE-ALS 1.0.1
2024-02-23 23:01:33,714 [INFO] ThirdParty:1030 - CMSIS Pack Vendor :STMicroelectronics ThreadX 1.0.0
2024-02-23 23:01:33,714 [INFO] ThirdParty:1030 - CMSIS Pack Vendor :STMicroelectronics FP-SNS-SMARTAG2 1.2.0
2024-02-23 23:01:33,714 [INFO] ThirdParty:1030 - CMSIS Pack Vendor :STMicroelectronics X-CUBE-AZRTOS-WL 2.0.0
2024-02-23 23:01:33,714 [INFO] ThirdParty:1030 - CMSIS Pack Vendor :SEGGER I-CUBE-embOS 1.3.1
2024-02-23 23:01:33,714 [INFO] ThirdParty:1030 - CMSIS Pack Vendor :STMicroelectronics USB_DEVICE 1.0.0
2024-02-23 23:01:33,714 [INFO] ThirdParty:1030 - CMSIS Pack Vendor :STMicroelectronics X-CUBE-AI 8.1.0
2024-02-23 23:01:33,714 [INFO] ThirdParty:1030 - CMSIS Pack Vendor :STMicroelectronics X-CUBE-AZRTOS-L4 2.0.0
2024-02-23 23:01:33,714 [INFO] ThirdParty:1030 - CMSIS Pack Vendor :STMicroelectronics ThreadX 0.0.2
2024-02-23 23:01:33,714 [INFO] ThirdParty:1030 - CMSIS Pack Vendor :WES I-CUBE-Cesium 1.3.0
2024-02-23 23:01:33,714 [INFO] ThirdParty:1030 - CMSIS Pack Vendor :STMicroelectronics FP-ATR-ASTRA1 2.0.0
2024-02-23 23:01:33,714 [INFO] ThirdParty:1030 - CMSIS Pack Vendor :STMicroelectronics lwIP 2.1.2
2024-02-23 23:01:33,714 [INFO] ThirdParty:1030 - CMSIS Pack Vendor :STMicroelectronics X-CUBE-SFXS2LP1 4.0.0
2024-02-23 23:01:33,714 [INFO] ThirdParty:1030 - CMSIS Pack Vendor :STMicroelectronics X-CUBE-BLE2 3.3.0
2024-02-23 23:01:33,714 [INFO] ThirdParty:1030 - CMSIS Pack Vendor :STMicroelectronics X-CUBE-TOF1 3.4.0
2024-02-23 23:01:33,714 [INFO] ThirdParty:1030 - CMSIS Pack Vendor :STMicroelectronics X-CUBE-AZRTOS-H7 3.2.0
2024-02-23 23:01:33,714 [INFO] ThirdParty:1030 - CMSIS Pack Vendor :STMicroelectronics PDM2PCM 3.2.0
2024-02-23 23:01:33,715 [INFO] ThirdParty:841 - exiting critical section [change project]
2024-02-23 23:01:33,915 [INFO] PinOutPanel:1499 - setPackage(No Configuration,No Configuration)
2024-02-23 23:01:33,916 [INFO] PinOutPanel:1499 - setPackage(STM32F103C8Tx,LQFP48)
2024-02-23 23:01:34,217 [INFO] UtilMem:75 - Before build in PCC Used Memory: 530992432 Bytes (1073741824)
2024-02-23 23:01:35,012 [INFO] UtilMem:75 - After build in PCC Used Memory: 609635632 Bytes (1073741824)
2024-02-23 23:01:35,035 [INFO] IPUIPlugin:80 - create IPUIPlugin
2024-02-23 23:01:35,036 [INFO] IPUIPlugin:80 - create IPUIPlugin
2024-02-23 23:01:35,036 [INFO] IPUIPlugin:80 - create IPUIPlugin
2024-02-23 23:01:35,036 [INFO] IPUIPlugin:80 - create IPUIPlugin
2024-02-23 23:01:35,036 [INFO] IPUIPlugin:80 - create IPUIPlugin
2024-02-23 23:01:35,036 [INFO] IPUIPlugin:80 - create IPUIPlugin
2024-02-23 23:01:35,036 [INFO] IPUIPlugin:80 - create IPUIPlugin
2024-02-23 23:01:35,036 [INFO] IPUIPlugin:80 - create IPUIPlugin
2024-02-23 23:01:35,037 [INFO] IPUIPlugin:80 - create IPUIPlugin
2024-02-23 23:01:35,037 [INFO] IPUIPlugin:80 - create IPUIPlugin
2024-02-23 23:01:35,037 [INFO] IPUIPlugin:80 - create IPUIPlugin
2024-02-23 23:01:35,037 [INFO] IPUIPlugin:80 - create IPUIPlugin
2024-02-23 23:01:35,037 [INFO] IPUIPlugin:80 - create IPUIPlugin
2024-02-23 23:01:35,037 [INFO] IPUIPlugin:80 - create IPUIPlugin
2024-02-23 23:01:35,037 [INFO] IPUIPlugin:80 - create IPUIPlugin
2024-02-23 23:01:35,037 [INFO] IPUIPlugin:80 - create IPUIPlugin
2024-02-23 23:01:35,037 [INFO] IPUIPlugin:80 - create IPUIPlugin
2024-02-23 23:01:35,037 [INFO] IPUIPlugin:80 - create IPUIPlugin
2024-02-23 23:01:35,038 [INFO] IPUIPlugin:80 - create IPUIPlugin
2024-02-23 23:01:35,038 [INFO] IPUIPlugin:80 - create IPUIPlugin
2024-02-23 23:01:35,038 [INFO] IPUIPlugin:80 - create IPUIPlugin
2024-02-23 23:01:35,038 [INFO] IPUIPlugin:80 - create IPUIPlugin
2024-02-23 23:01:35,038 [INFO] IPUIPlugin:80 - create IPUIPlugin
2024-02-23 23:01:35,038 [INFO] IPUIPlugin:80 - create IPUIPlugin
2024-02-23 23:01:35,038 [INFO] IPUIPlugin:80 - create IPUIPlugin
2024-02-23 23:01:35,039 [INFO] IPUIPlugin:80 - create IPUIPlugin
2024-02-23 23:01:35,039 [INFO] IPUIPlugin:80 - create IPUIPlugin
2024-02-23 23:01:35,219 [INFO] CADModel:165 - CPN selected for project levelSTM32F103C8T6
2024-02-23 23:01:35,219 [INFO] CADModel:114 - Register for checkConnection events
2024-02-23 23:01:35,270 [INFO] OpenFileManager:343 - Restore cursor
2024-02-23 23:01:36,005 [INFO] UtilMem:75 - End SaveConfig() Used Memory: 685628120 Bytes (1073741824)
2024-02-23 23:01:36,068 [INFO] UtilMem:75 - End SaveConfig() Used Memory: 698238256 Bytes (1073741824)
2024-02-23 23:01:36,426 [INFO] BlockDiagram:2759 - set Specific Code input for plugin: NVIC
2024-02-23 23:01:36,427 [INFO] BlockDiagram:2759 - set Specific Code input for plugin: RCC
2024-02-23 23:01:36,429 [INFO] CodeGenerator:807 - code generatio: config db path: C:\ST\STM32CubeIDE_1.14.1\STM32CubeIDE\plugins\com.st.stm32cube.common.mx_6.10.0.202311202037\\db\
2024-02-23 23:01:36,591 [INFO] CodeEngine:255 - oldGeneratedFile, C:\Users\khanh\Desktop\Khanh\232\nhung\project\COM\COM\MXTmpFiles\license.tmp_save
2024-02-23 23:01:36,883 [INFO] CodeEngine:279 - Generated code: C:\Users\khanh\Desktop\Khanh\232\nhung\project\COM\COM\MXTmpFiles\license.tmp
2024-02-23 23:01:36,899 [INFO] CodeEngine:255 - oldGeneratedFile, C:\Users\khanh\Desktop\Khanh\232\nhung\project\COM\COM\Core\Src\stm32f1xx_it.c_save
2024-02-23 23:01:37,075 [INFO] CodeEngine:279 - Generated code: C:\Users\khanh\Desktop\Khanh\232\nhung\project\COM\COM\Core\Src\stm32f1xx_it.c
2024-02-23 23:01:37,084 [INFO] CodeEngine:255 - oldGeneratedFile, C:\Users\khanh\Desktop\Khanh\232\nhung\project\COM\COM\Core\Inc\stm32f1xx_it.h_save
2024-02-23 23:01:37,219 [INFO] CodeEngine:279 - Generated code: C:\Users\khanh\Desktop\Khanh\232\nhung\project\COM\COM\Core\Inc\stm32f1xx_it.h
2024-02-23 23:01:37,374 [INFO] CodeEngine:255 - oldGeneratedFile, C:\Users\khanh\Desktop\Khanh\232\nhung\project\COM\COM\Core\Src\stm32f1xx_hal_msp.c_save
2024-02-23 23:01:37,624 [INFO] CodeEngine:279 - Generated code: C:\Users\khanh\Desktop\Khanh\232\nhung\project\COM\COM\Core\Src\stm32f1xx_hal_msp.c
2024-02-23 23:01:37,630 [INFO] CodeEngine:255 - oldGeneratedFile, C:\Users\khanh\Desktop\Khanh\232\nhung\project\COM\COM\MXTmpFiles\system.tmp_save
2024-02-23 23:01:37,701 [INFO] CodeEngine:279 - Generated code: C:\Users\khanh\Desktop\Khanh\232\nhung\project\COM\COM\MXTmpFiles\system.tmp
2024-02-23 23:01:37,716 [INFO] CodeEngine:311 - oldGeneratedFile, C:\Users\khanh\Desktop\Khanh\232\nhung\project\COM\COM\Core\Inc\stm32f1xx_hal_conf.h_save
2024-02-23 23:01:37,828 [INFO] CodeEngine:335 - Generated code: C:\Users\khanh\Desktop\Khanh\232\nhung\project\COM\COM\Core\Inc\stm32f1xx_hal_conf.h
2024-02-23 23:01:37,866 [INFO] CodeEngine:255 - oldGeneratedFile, C:\Users\khanh\Desktop\Khanh\232\nhung\project\COM\COM\Core\Inc\main.h_save
2024-02-23 23:01:37,978 [INFO] CodeEngine:279 - Generated code: C:\Users\khanh\Desktop\Khanh\232\nhung\project\COM\COM\Core\Inc\main.h
2024-02-23 23:01:37,983 [INFO] CodeEngine:255 - oldGeneratedFile, C:\Users\khanh\Desktop\Khanh\232\nhung\project\COM\COM\Core\Src\main.c_save
2024-02-23 23:01:38,121 [INFO] CodeEngine:279 - Generated code: C:\Users\khanh\Desktop\Khanh\232\nhung\project\COM\COM\Core\Src\main.c
2024-02-23 23:01:38,743 [INFO] ProjectBuilder:3076 - Time for Copy HAL[1] : 151mS.
2024-02-23 23:01:38,751 [INFO] ProjectBuilder:4485 - Project Generator version: 4.2.0-B44
2024-02-23 23:01:39,008 [INFO] ConfigFileManager:1495 - The Die is : DIE410
2024-02-23 23:01:39,018 [INFO] ApiDbMcu:508 - Load IP Config File for FATFS
2024-02-23 23:01:39,027 [INFO] ApiDbMcu:508 - Load IP Config File for FREERTOS
2024-02-23 23:01:39,036 [INFO] ApiDbMcu:508 - Load IP Config File for USB_DEVICE
2024-02-23 23:01:39,893 [INFO] LogOutputStream:77 - [STDOUT_REDIRECT] 
2024-02-23 23:01:42,656 [INFO] ProjectBuilder:4747 - Time for Generating toolchain IDE Files: 3905mS.
2024-02-23 23:01:42,661 [INFO] ProjectBuilder:2947 - Time for Copy CMSIS : 3mS.
2024-02-23 23:01:42,666 [INFO] ProjectBuilder:2947 - Time for Copy CMSIS : 0mS.
2024-02-23 23:01:44,056 [INFO] McuFinderGlobals:76 - Set McuFinderConnectedMode to true
2024-02-23 23:01:44,061 [INFO] ApiDb:448 - Save user favorites file C:\Users\khanh/.stm32cubeide/favorites.mcus.txt: 0 item(s)
2024-02-23 23:01:44,061 [INFO] ApiDb:452 - User favorites MCUs=[]
2024-02-23 23:42:03,904 [INFO] UtilMem:75 - End SaveConfig() Used Memory: 661078200 Bytes (1073741824)
2024-02-23 23:42:08,297 [INFO] UtilMem:75 - End SaveConfig() Used Memory: 676893256 Bytes (1073741824)
2024-02-23 23:42:08,453 [INFO] UtilMem:75 - End SaveConfig() Used Memory: 691051080 Bytes (1073741824)
2024-02-23 23:42:08,606 [INFO] BlockDiagram:2759 - set Specific Code input for plugin: NVIC
2024-02-23 23:42:08,606 [INFO] BlockDiagram:2759 - set Specific Code input for plugin: SYS
2024-02-23 23:42:08,607 [INFO] BlockDiagram:2759 - set Specific Code input for plugin: GPIO
2024-02-23 23:42:08,607 [INFO] BlockDiagram:2759 - set Specific Code input for plugin: RCC
2024-02-23 23:42:08,608 [INFO] CodeGenerator:807 - code generatio: config db path: C:\ST\STM32CubeIDE_1.14.1\STM32CubeIDE\plugins\com.st.stm32cube.common.mx_6.10.0.202311202037\\db\
2024-02-23 23:42:08,697 [INFO] CodeEngine:255 - oldGeneratedFile, C:\Users\khanh\Desktop\Khanh\232\nhung\project\COM\COM\MXTmpFiles\license.tmp_save
2024-02-23 23:42:08,776 [INFO] CodeEngine:279 - Generated code: C:\Users\khanh\Desktop\Khanh\232\nhung\project\COM\COM\MXTmpFiles\license.tmp
2024-02-23 23:42:08,796 [INFO] CodeEngine:255 - oldGeneratedFile, C:\Users\khanh\Desktop\Khanh\232\nhung\project\COM\COM\MXTmpFiles\gpio.tmp_save
2024-02-23 23:42:08,886 [INFO] CodeEngine:279 - Generated code: C:\Users\khanh\Desktop\Khanh\232\nhung\project\COM\COM\MXTmpFiles\gpio.tmp
2024-02-23 23:42:08,917 [INFO] CodeEngine:255 - oldGeneratedFile, C:\Users\khanh\Desktop\Khanh\232\nhung\project\COM\COM\Core\Src\stm32f1xx_it.c_save
2024-02-23 23:42:09,001 [INFO] CodeEngine:279 - Generated code: C:\Users\khanh\Desktop\Khanh\232\nhung\project\COM\COM\Core\Src\stm32f1xx_it.c
2024-02-23 23:42:09,010 [INFO] CodeEngine:255 - oldGeneratedFile, C:\Users\khanh\Desktop\Khanh\232\nhung\project\COM\COM\Core\Inc\stm32f1xx_it.h_save
2024-02-23 23:42:09,068 [INFO] CodeEngine:279 - Generated code: C:\Users\khanh\Desktop\Khanh\232\nhung\project\COM\COM\Core\Inc\stm32f1xx_it.h
2024-02-23 23:42:09,086 [INFO] CodeEngine:255 - oldGeneratedFile, C:\Users\khanh\Desktop\Khanh\232\nhung\project\COM\COM\Core\Src\stm32f1xx_hal_msp.c_save
2024-02-23 23:42:09,170 [INFO] CodeEngine:279 - Generated code: C:\Users\khanh\Desktop\Khanh\232\nhung\project\COM\COM\Core\Src\stm32f1xx_hal_msp.c
2024-02-23 23:42:09,176 [INFO] CodeEngine:255 - oldGeneratedFile, C:\Users\khanh\Desktop\Khanh\232\nhung\project\COM\COM\MXTmpFiles\system.tmp_save
2024-02-23 23:42:09,233 [INFO] CodeEngine:279 - Generated code: C:\Users\khanh\Desktop\Khanh\232\nhung\project\COM\COM\MXTmpFiles\system.tmp
2024-02-23 23:42:09,249 [INFO] CodeEngine:311 - oldGeneratedFile, C:\Users\khanh\Desktop\Khanh\232\nhung\project\COM\COM\Core\Inc\stm32f1xx_hal_conf.h_save
2024-02-23 23:42:09,329 [INFO] CodeEngine:335 - Generated code: C:\Users\khanh\Desktop\Khanh\232\nhung\project\COM\COM\Core\Inc\stm32f1xx_hal_conf.h
2024-02-23 23:42:09,405 [INFO] CodeEngine:255 - oldGeneratedFile, C:\Users\khanh\Desktop\Khanh\232\nhung\project\COM\COM\Core\Inc\main.h_save
2024-02-23 23:42:09,496 [INFO] CodeEngine:279 - Generated code: C:\Users\khanh\Desktop\Khanh\232\nhung\project\COM\COM\Core\Inc\main.h
2024-02-23 23:42:09,512 [INFO] CodeEngine:255 - oldGeneratedFile, C:\Users\khanh\Desktop\Khanh\232\nhung\project\COM\COM\Core\Src\main.c_save
2024-02-23 23:42:09,619 [INFO] CodeEngine:279 - Generated code: C:\Users\khanh\Desktop\Khanh\232\nhung\project\COM\COM\Core\Src\main.c
2024-02-23 23:42:10,070 [INFO] ProjectBuilder:3076 - Time for Copy HAL[1] : 185mS.
2024-02-23 23:42:10,076 [INFO] ProjectBuilder:4485 - Project Generator version: 4.2.0-B44
2024-02-23 23:42:10,304 [INFO] ConfigFileManager:1495 - The Die is : DIE410
2024-02-23 23:42:11,797 [INFO] ProjectBuilder:4747 - Time for Generating toolchain IDE Files: 1721mS.
2024-02-23 23:42:11,798 [INFO] ProjectBuilder:2947 - Time for Copy CMSIS : 1mS.
2024-02-23 23:42:11,802 [INFO] ProjectBuilder:2947 - Time for Copy CMSIS : 0mS.
2024-02-23 23:42:14,074 [ERROR] LogOutputStream:75 - [STDERR_REDIRECT] 
2024-02-23 23:42:14,074 [ERROR] LogOutputStream:75 - [STDERR_REDIRECT] 
